<!DOCTYPE html>

<html lang="en">
<head>
<meta charset="utf-8"/>
<meta content="width=device-width, initial-scale=1.0" name="viewport"/>
<link href="https://cdnjs.cloudflare.com/ajax/libs/font-awesome/5.15.4/css/all.min.css" rel="stylesheet"/>
<link href="../../css/checklist_d86c892d7cd5311243d31a8f11787f4b0342874d.css" rel="stylesheet"/>
<link href="../../css/desktop_d86c892d7cd5311243d31a8f11787f4b0342874d.css" rel="stylesheet"/>
<link href="../../css/desktop_theme_2_be4cb2b86ec06123c5e974acd20fd933d14b129d.css" rel="stylesheet"/>
<link href="../../css/discourse-adplugin_d86c892d7cd5311243d31a8f11787f4b0342874d.css" rel="stylesheet"/>
<link href="../../css/discourse-akismet_d86c892d7cd5311243d31a8f11787f4b0342874d.css" rel="stylesheet"/>
<link href="../../css/discourse-cakeday_d86c892d7cd5311243d31a8f11787f4b0342874d.css" rel="stylesheet"/>
<link href="../../css/discourse-chat-integration_d86c892d7cd5311243d31a8f11787f4b0342874d.css" rel="stylesheet"/>
<link href="../../css/discourse-details_d86c892d7cd5311243d31a8f11787f4b0342874d.css" rel="stylesheet"/>
<link href="../../css/discourse-footnote_d86c892d7cd5311243d31a8f11787f4b0342874d.css" rel="stylesheet"/>
<link href="../../css/discourse-lazy-videos_d86c892d7cd5311243d31a8f11787f4b0342874d.css" rel="stylesheet"/>
<link href="../../css/discourse-local-dates_d86c892d7cd5311243d31a8f11787f4b0342874d.css" rel="stylesheet"/>
<link href="../../css/color_definitions_base__2_8fd59ae1f286f43b3ff17996df07ea951685249d.css" rel="stylesheet"/>
<link href="../../css/style.css" rel="stylesheet"/>
<title>Problem in redash deployment</title></head>
<body>
<div class="navbar">
<div class="logo"><a href="../../page_0.html"><img alt="" src="../../images/logo_redash.png" srcset=""/></a></div>
<div class="navbar-buttons">
<button class="btn btn-signup">Sign Up</button>
<button class="btn btn-login"><i class="fas fa-user"></i> Login</button>
<button class="btn btn-search"><i class="fas fa-search"></i></button>
<div class="navbar-toggle">
<div class="dots"></div>
<div class="dots"></div>
<div class="dots"></div>
</div>
</div>
</div>
<div class="sidebar">
<div class="sidebar-content">
<div class="logo"><a href="../../page_0.html"><img alt="" src="../../images/logo_redash.png" srcset=""/></a></div>
<ul class="sidebar-grid">
<!-- <li><a href="#"><i class="fas fa-list-ul"></i> Topics</a></li> -->
<li><a href="../../page_0.html"><i class="fas fa-layer-group"></i> Topics</a></li>
<li><a href="../../users.html"><i class="fas fa-users"></i> Users</a></li>
<li><a href="../../about.html"><i class="fas fa-info-circle"></i> About</a></li>
<li><a href="../../faq.html"><i class="fas fa-question-circle"></i> FAQ</a></li>
<li><a href="../../groups.html"><i class="fas fa-users"></i> Groups</a></li>
<li><a href="../../badges.html"><i class="fas fa-certificate"></i> Badges</a></li>
</ul>
<h3 style="font-size: 13px;"><a href="#categories"><span>▼</span>Categories</a></h3>
<hr/>
<ul class="sidebar-grid categories">
<li>
<a class="badge-wrapper bullet" href="../../c/support/6.html">
<span class="badge-category-bg" style="background-color: #BF1E2E"></span>
<span class="badge-category clear-badge">
<span class="category-name">Support</span>
</span>
</a>
</li>
<li>
<a class="badge-wrapper bullet" href="../../c/feature-requests/5.html">
<span class="badge-category-bg" style="background-color: #3AB54A"></span>
<span class="badge-category clear-badge">
<span class="category-name">Feature Requests</span>
</span>
</a>
</li>
<li>
<a class="badge-wrapper bullet" href="../../c/uncategorized/1.html">
<span class="badge-category-bg" style="background-color: #AB9364"></span>
<span class="badge-category clear-badge">
<span class="category-name">Uncategorized</span>
</span>
</a>
</li>
<li>
<a class="badge-wrapper bullet" href="../../c/development/7.html">
<span class="badge-category-bg" style="background-color: #8C6238"></span>
<span class="badge-category clear-badge">
<span class="category-name">Development</span>
</span>
</a>
</li>
<li>
<a class="badge-wrapper bullet" href="../../c/tips-tricks-query-examples/11.html">
<span class="badge-category-bg" style="background-color: #652D90"></span>
<span class="badge-category clear-badge" style="white-space: normal;">
<span class="category-name">Tips, Tricks &amp; Query Examples</span>
</span>
</a>
</li>
<li><a href="../../categories.html"><i class="fas fa-list-ul"></i> All categories</a></li>
</ul>
<h3 style="font-size: 13px;"><a href="#tags"><span>▼</span>Tags</a></h3>
<hr/>
<ul class="sidebar-grid tags">
<li><a href="../../tag/query_results.html"><i class="fas fa-tag"></i> query_results</a></li>
<li><a href="../../tag/feature-request.html"><i class="fas fa-tag"></i> feature-request</a></li>
<li><a href="../../tag/parameters.html"><i class="fas fa-tag"></i> parameters</a></li>
<li><a href="../../tag/visualizations.html"><i class="fas fa-tag"></i> visualizations</a></li>
<li><a href="../../tag/alerts.html"><i class="fas fa-tag"></i> alerts</a></li>
<li><a href="../../tags.html"><i class="fas fa-list-ul"></i> All tags</a></li>
</ul>
</div>
<div class="sidebar-footer">
            © 2023 <a href="https://discuss.redash.io/" target="_blank">discuss.redash.io</a>
</div>
</div>
<div class="overlay"></div>
<div class="content">
<div class="global-notice">
<div class="row">
<div class="alert alert-info alert-read-only" id="global-notice-alert-read-only">
<span class="text">This site is in read only mode. Please continue to browse, but replying, likes,
                        and other actions are disabled for now.</span>
</div>
</div>
</div>
<div class="imported_page" id="imported_page">
<div class="wrap" id="main-outlet" role="main">
<div id="topic-title">
<h1>
<a href="/t/problem-in-redash-deployment/8159">Problem in redash deployment</a>
</h1>
<div class="topic-category" itemscope="" itemtype="http://schema.org/BreadcrumbList">
<span itemprop="itemListElement" itemscope="" itemtype="http://schema.org/ListItem">
<a class="badge-wrapper bullet" href="../../c/support/6.html" itemprop="item">
<span class="badge-category-bg" style="background-color: #BF1E2E"></span>
<span class="badge-category clear-badge">
<span class="category-name" itemprop="name">Support</span>
</span>
</a>
<meta content="1" itemprop="position"/>
</span>
<span itemprop="itemListElement" itemscope="" itemtype="http://schema.org/ListItem">
<a class="badge-wrapper bullet" href="../../c/support/support-self-hosted/9.html" itemprop="item">
<span class="badge-category-bg" style="background-color: #AB9364"></span>
<span class="badge-category clear-badge">
<span class="category-name" itemprop="name">Self Hosted Redash Support</span>
</span>
</a>
<meta content="2" itemprop="position"/>
</span>
</div>
</div>
<div itemscope="" itemtype="http://schema.org/DiscussionForumPosting">
<meta content="Problem in redash deployment" itemprop="headline"/>
<meta content="Self Hosted Redash Support" itemprop="articleSection"/>
<meta content="" itemprop="keywords"/>
<div itemprop="publisher" itemscope="" itemtype="http://schema.org/Organization">
<meta content="Redash Discourse" itemprop="name"/>
<div itemprop="logo" itemscope="" itemtype="http://schema.org/ImageObject">
<meta content="https://global.discourse-cdn.com/standard17/uploads/redash1/original/1X/c07bc573841e1e4a0013ea3b6fe088a1534228a3.png" itemprop="url"/>
</div>
</div>
<div class="topic-body crawler-post" id="post_1">
<div class="crawler-post-meta">
<span class="creator" itemprop="author" itemscope="" itemtype="http://schema.org/Person">
<a href="../../u/detail/arnav0024.html" itemprop="url"><img alt="" class="avatar" height="48" loading="lazy" src="../../u/avatars/arnav0024_avatar.png" tabindex="-1" width="48"/><span itemprop="name">arnav0024</span></a>
</span>
<link href="https://discuss.redash.io/t/problem-in-redash-deployment/8159" itemprop="mainEntityOfPage"/>
<span class="crawler-post-infos">
<time class="post-time" datetime="2021-03-20T09:53:31Z" itemprop="datePublished">
                    March 20, 2021,  9:53am
                  </time>
<meta content="2021-03-20T09:53:31Z" itemprop="dateModified"/>
<span itemprop="position">1</span>
</span>
</div>
<div class="post" itemprop="articleBody">
<h3>Issue Summary</h3>
<p>We are using redash since an year at our organization. Recently we have been trying to make new releases around ad_hoc workers and other few custom deployments. Currently we are using docker containers to host redash but the same is failing to build for us.<br/>
Currently our requirements_all_ds file is as follows :</p>
<pre><code>google-api-python-client==1.5.1
gspread==0.6.2
impyla==0.10.0
influxdb==2.7.1
MySQL-python==1.2.5
oauth2client==3.0.0
pyhive==0.5.1
pymongo[tls,srv]==3.6.1
vertica-python==0.8.0
td-client==0.8.0
pymssql==2.1.3
dql==0.5.24
dynamo3==0.4.7
boto3==1.9.85
botocore==1.12.85
sasl&gt;=0.1.3
thrift&gt;=0.8.0
thrift_sasl&gt;=0.1.0
cassandra-driver==3.11.0
memsql==2.16.0
atsd_client==2.0.12
simple_salesforce==0.72.2
PyAthena&gt;=1.0.0
pymapd==0.7.1
qds-sdk&gt;=1.9.6
ibm-db&gt;=2.0.9
pydruid==0.4
requests_aws_sign==0.1.4
snowflake_connector_python==2.0.3
# certifi is needed to support MongoDB and SSL:
certifi
numpy==1.16
pandas==0.24.2
</code></pre>
<p>For some reason while using <strong>docker-compose build worker</strong> our deployments is failing for same.<br/>
Current <strong>pip version</strong> : <strong>pip 8.1.1 from /usr/lib/python2.7/dist-packages (python 2.7)</strong><br/>
Current <strong>python version</strong> : <strong>Python 2.7.12</strong></p>
<p>If you can help with the issue it will be really helpful!<br/>
Thanks in advance!</p>
<p>A summary of the issue and the browser/OS environment in which it occurs.</p>
<h3>Technical details:</h3>
<ul>
<li>Redash Version: 8.0.2</li>
<li>Browser/OS: Ubuntu 16</li>
<li>How did you install Redash: Github Redash Repo(Docker builds)</li>
</ul>
</div>
<div itemprop="interactionStatistic" itemscope="" itemtype="http://schema.org/InteractionCounter">
<meta content="http://schema.org/LikeAction" itemprop="interactionType"/>
<meta content="0" itemprop="userInteractionCount"/>
<span class="post-likes"></span>
</div>
<div itemprop="interactionStatistic" itemscope="" itemtype="http://schema.org/InteractionCounter">
<meta content="http://schema.org/CommentAction" itemprop="interactionType"/>
<meta content="1" itemprop="userInteractionCount"/>
</div>
</div>
<div class="topic-body crawler-post" id="post_2" itemprop="comment" itemscope="" itemtype="http://schema.org/Comment">
<div class="crawler-post-meta">
<span class="creator" itemprop="author" itemscope="" itemtype="http://schema.org/Person">
<a href="../../u/detail/arnav0024.html" itemprop="url"><img alt="" class="avatar" height="48" loading="lazy" src="../../u/avatars/arnav0024_avatar.png" tabindex="-1" width="48"/><span itemprop="name">arnav0024</span></a>
</span>
<link href="https://discuss.redash.io/t/problem-in-redash-deployment/8159" itemprop="mainEntityOfPage"/>
<span class="crawler-post-infos">
<time class="post-time" datetime="2021-03-20T09:55:09Z" itemprop="datePublished">
                    March 20, 2021,  9:55am
                  </time>
<meta content="2021-03-20T09:55:09Z" itemprop="dateModified"/>
<span itemprop="position">2</span>
</span>
</div>
<div class="post" itemprop="text">
<p>Sharing the error stack as well here for better understanding :<br/>
<code>Collecting pymapd==0.7.1 (from -r requirements_all_ds.txt (line 24))   Downloading https://files.pythonhosted.org/packages/26/84/0d7fa3e4cfeaa12c128df1764863345f60859d04eb3086a78bbcc8e18c3b/pymapd-0.7.1.tar.gz (93kB)     ERROR: Command errored out with exit status 1:      command: /usr/local/bin/python -c 'import sys, setuptools, tokenize; sys.argv[0] = '"'"'/tmp/pip-install-DMbPOe/pymapd/setup.py'"'"'; __file__='"'"'/tmp/pip-install-DMbPOe/pymapd/setup.py'"'"';f=getattr(tokenize, '"'"'open'"'"', open)(__file__);code=f.read().replace('"'"'\r\n'"'"', '"'"'\n'"'"');f.close();exec(compile(code, __file__, '"'"'exec'"'"'))' egg_info --egg-base pip-egg-info</code></p>
</div>
<div itemprop="interactionStatistic" itemscope="" itemtype="http://schema.org/InteractionCounter">
<meta content="http://schema.org/LikeAction" itemprop="interactionType"/>
<meta content="0" itemprop="userInteractionCount"/>
<span class="post-likes"></span>
</div>
<div itemprop="interactionStatistic" itemscope="" itemtype="http://schema.org/InteractionCounter">
<meta content="http://schema.org/CommentAction" itemprop="interactionType"/>
<meta content="1" itemprop="userInteractionCount"/>
</div>
</div>
<div class="topic-body crawler-post" id="post_3" itemprop="comment" itemscope="" itemtype="http://schema.org/Comment">
<div class="crawler-post-meta">
<span class="creator" itemprop="author" itemscope="" itemtype="http://schema.org/Person">
<a href="../../u/detail/k4s1m.html" itemprop="url"><img alt="" class="avatar" height="48" loading="lazy" src="../../u/avatars/k4s1m_avatar.png" tabindex="-1" width="48"/><span itemprop="name">k4s1m</span></a>
</span>
<link href="https://discuss.redash.io/t/problem-in-redash-deployment/8159" itemprop="mainEntityOfPage"/>
<span class="crawler-post-infos">
<time class="post-time" datetime="2021-03-22T14:53:13Z" itemprop="datePublished">
                    March 22, 2021,  2:53pm
                  </time>
<meta content="2021-03-22T14:53:13Z" itemprop="dateModified"/>
<span itemprop="position">3</span>
</span>
</div>
<div class="post" itemprop="text">
<p>After a few duckduckgo searches it seems this error usually means there’s an incompatibility between the specific version of Python and the package that pip tries to install. Unless you’re using the <code>mapd</code> data source you can probably just remove this line from the requirements file and move along.</p>
<p>If you do require <code>mapd</code> then I’d suggest trying to manually install the mapd package, adjusting different version numbers to see if you can find one that works.</p>
</div>
<div itemprop="interactionStatistic" itemscope="" itemtype="http://schema.org/InteractionCounter">
<meta content="http://schema.org/LikeAction" itemprop="interactionType"/>
<meta content="0" itemprop="userInteractionCount"/>
<span class="post-likes"></span>
</div>
<div itemprop="interactionStatistic" itemscope="" itemtype="http://schema.org/InteractionCounter">
<meta content="http://schema.org/CommentAction" itemprop="interactionType"/>
<meta content="1" itemprop="userInteractionCount"/>
</div>
</div>
<div class="topic-body crawler-post" id="post_4" itemprop="comment" itemscope="" itemtype="http://schema.org/Comment">
<div class="crawler-post-meta">
<span class="creator" itemprop="author" itemscope="" itemtype="http://schema.org/Person">
<a href="../../u/detail/arnav0024.html" itemprop="url"><img alt="" class="avatar" height="48" loading="lazy" src="../../u/avatars/arnav0024_avatar.png" tabindex="-1" width="48"/><span itemprop="name">arnav0024</span></a>
</span>
<link href="https://discuss.redash.io/t/problem-in-redash-deployment/8159" itemprop="mainEntityOfPage"/>
<span class="crawler-post-infos">
<time class="post-time" datetime="2021-03-22T17:28:53Z" itemprop="datePublished">
                    March 22, 2021,  5:28pm
                  </time>
<meta content="2021-03-22T17:46:17Z" itemprop="dateModified"/>
<span itemprop="position">4</span>
</span>
</div>
<div class="post" itemprop="text">
<p>Post removing the pymapd dependency similar issues are getting raised for <code>pydruid==0.4</code> and <code>oauth2client==3.0.0</code>. Post this I changed the version of same to a lower version post this our docker compose finally worked. But the server for worker didn’t build at all.<br/>
<strong>Also</strong><br/>
Manually installing <code>pymapd</code> didn’t help we were still getting python dependency issues. I would <strong>strongly</strong> recommend and request to please look into this issue due to which alot of our deployments are pending.</p>
</div>
<div itemprop="interactionStatistic" itemscope="" itemtype="http://schema.org/InteractionCounter">
<meta content="http://schema.org/LikeAction" itemprop="interactionType"/>
<meta content="1" itemprop="userInteractionCount"/>
<span class="post-likes">1 Like</span>
</div>
<div itemprop="interactionStatistic" itemscope="" itemtype="http://schema.org/InteractionCounter">
<meta content="http://schema.org/CommentAction" itemprop="interactionType"/>
<meta content="2" itemprop="userInteractionCount"/>
</div>
</div>
<div class="topic-body crawler-post" id="post_5" itemprop="comment" itemscope="" itemtype="http://schema.org/Comment">
<div class="crawler-post-meta">
<span class="creator" itemprop="author" itemscope="" itemtype="http://schema.org/Person">
<a href="../../u/detail/k4s1m.html" itemprop="url"><img alt="" class="avatar" height="48" loading="lazy" src="../../u/avatars/k4s1m_avatar.png" tabindex="-1" width="48"/><span itemprop="name">k4s1m</span></a>
</span>
<link href="https://discuss.redash.io/t/problem-in-redash-deployment/8159" itemprop="mainEntityOfPage"/>
<span class="crawler-post-infos">
<time class="post-time" datetime="2021-03-22T18:18:10Z" itemprop="datePublished">
                    March 22, 2021,  6:18pm
                  </time>
<meta content="2021-03-22T18:18:10Z" itemprop="dateModified"/>
<span itemprop="position">5</span>
</span>
</div>
<div class="post" itemprop="text">
<aside class="quote no-group" data-post="4" data-topic="8159" data-username="arnav0024">
<div class="title">
<div class="quote-controls"></div>
<img alt="" class="avatar" height="20" src="https://avatars.discourse-cdn.com/v4/letter/a/fbc32d/40.png" width="20"/> arnav0024:</div>
<blockquote>
<p>I would <strong>strongly</strong> recommend and request to please look into this issue due to which alot of our deployments are pending.</p>
</blockquote>
</aside>
<p>I can’t reproduce this. <code>docker-compose build server</code> works on my machine.</p>
<aside class="quote no-group" data-post="1" data-topic="8159" data-username="arnav0024">
<div class="title">
<div class="quote-controls"></div>
<img alt="" class="avatar" height="20" src="https://avatars.discourse-cdn.com/v4/letter/a/fbc32d/40.png" width="20"/> arnav0024:</div>
<blockquote>
<p>Recently we have been trying to make new releases around ad_hoc workers and other few custom deployments.</p>
</blockquote>
</aside>
<p>I wonder if one of these modifications broke the build?</p>
</div>
<div itemprop="interactionStatistic" itemscope="" itemtype="http://schema.org/InteractionCounter">
<meta content="http://schema.org/LikeAction" itemprop="interactionType"/>
<meta content="0" itemprop="userInteractionCount"/>
<span class="post-likes"></span>
</div>
<div itemprop="interactionStatistic" itemscope="" itemtype="http://schema.org/InteractionCounter">
<meta content="http://schema.org/CommentAction" itemprop="interactionType"/>
<meta content="1" itemprop="userInteractionCount"/>
</div>
</div>
<div class="topic-body crawler-post" id="post_6" itemprop="comment" itemscope="" itemtype="http://schema.org/Comment">
<div class="crawler-post-meta">
<span class="creator" itemprop="author" itemscope="" itemtype="http://schema.org/Person">
<a href="../../u/detail/arnav0024.html" itemprop="url"><img alt="" class="avatar" height="48" loading="lazy" src="../../u/avatars/arnav0024_avatar.png" tabindex="-1" width="48"/><span itemprop="name">arnav0024</span></a>
</span>
<link href="https://discuss.redash.io/t/problem-in-redash-deployment/8159" itemprop="mainEntityOfPage"/>
<span class="crawler-post-infos">
<time class="post-time" datetime="2021-03-22T18:33:03Z" itemprop="datePublished">
                    March 22, 2021,  6:33pm
                  </time>
<meta content="2021-03-22T18:38:14Z" itemprop="dateModified"/>
<span itemprop="position">6</span>
</span>
</div>
<div class="post" itemprop="text">
<p>I don’t think so since 1-2 changes were made around HTML and one around increasing the number of workers for which I had raised another ticket initially.<br/>
On top of it I am sharing the general steps that we follow for deployment :<br/>
<code> 1.docker-compose down 2. docker stop $(docker ps -q)         3. docker kill $(docker ps -q)         4. docker rm $(docker ps -a -q)         5. docker rmi $(docker images -q)         6. sudo npm i         7. sudo npm run build         8. docker-compose build worker         9. docker-compose build server        10. sudo npm run build         11. docker-compose up -d</code></p>
<p>1 observation that I have made is if we don’t remove the docker images <strong>(point 5)</strong> . The caches of previous containers sustain due to which the step which depends on <code>requirements.txt</code> installation step is getting skipped with which we are able to deploy the server but still this is not the permanent solution but just a workaround. Need the permanent fix for the same.</p>
</div>
<div itemprop="interactionStatistic" itemscope="" itemtype="http://schema.org/InteractionCounter">
<meta content="http://schema.org/LikeAction" itemprop="interactionType"/>
<meta content="0" itemprop="userInteractionCount"/>
<span class="post-likes"></span>
</div>
<div itemprop="interactionStatistic" itemscope="" itemtype="http://schema.org/InteractionCounter">
<meta content="http://schema.org/CommentAction" itemprop="interactionType"/>
<meta content="0" itemprop="userInteractionCount"/>
</div>
</div>
<div class="topic-body crawler-post" id="post_7" itemprop="comment" itemscope="" itemtype="http://schema.org/Comment">
<div class="crawler-post-meta">
<span class="creator" itemprop="author" itemscope="" itemtype="http://schema.org/Person">
<a href="../../u/detail/deaugur.html" itemprop="url"><img alt="" class="avatar" height="48" loading="lazy" src="../../u/avatars/deaugur_avatar.png" tabindex="-1" width="48"/><span itemprop="name">deaugur</span></a>
</span>
<link href="https://discuss.redash.io/t/problem-in-redash-deployment/8159" itemprop="mainEntityOfPage"/>
<span class="crawler-post-infos">
<time class="post-time" datetime="2021-03-23T00:20:39Z" itemprop="datePublished">
                    March 23, 2021, 12:20am
                  </time>
<meta content="2021-03-23T00:20:39Z" itemprop="dateModified"/>
<span itemprop="position">7</span>
</span>
</div>
<div class="post" itemprop="text">
<aside class="quote no-group" data-full="true" data-post="4" data-topic="8159" data-username="arnav0024">
<div class="title">
<div class="quote-controls"></div>
<img alt="" class="avatar" height="20" src="https://avatars.discourse-cdn.com/v4/letter/a/fbc32d/40.png" width="20"/> arnav0024:</div>
<blockquote>
<p>Post removing the pymapd dependency similar issues are getting raised for <code>pydruid==0.4</code> and <code>oauth2client==3.0.0</code> . Post this I changed the version of same to a lower version post this our docker compose finally worked. But the server for worker didn’t build at all.<br/>
<strong>Also</strong><br/>
Manually installing <code>pymapd</code> didn’t help we were still getting python dependency issues. I would <strong>strongly</strong> recommend and request to please look into this issue due to which alot of our deployments are pending.</p>
</blockquote>
</aside>
<p>I have this exact same issues with no modifications to the docker image. Build fails at pymapd. After commenting out in <code>requirements_all_ds.txt</code>, build fails at <code>pydruid</code> with:</p>
<pre><code class="lang-bash">ERROR: Command errored out with exit status 1:
     command: /usr/local/bin/python -c 'import sys, setuptools, tokenize; sys.argv[0] = '"'"'/tmp/pip-install-pMQZjN/pydruid/setup.py'"'"'; __file__='"'"'/tmp/pip-install-pMQZjN/pydruid/setup.py'"'"';f=getattr(tokenize, '"'"'open'"'"', open)(__file__);code=f.read().replace('"'"'\r\n'"'"', '"'"'\n'"'"');f.close();exec(compile(code, __file__, '"'"'exec'"'"'))' egg_info --egg-base pip-egg-info
         cwd: /tmp/pip-install-pMQZjN/pydruid/
    Complete output (106 lines):
    /tmp/easy_install-RAmU7Y/pytest-runner-5.3.0/temp/easy_install-6ng0KL/setuptools_scm-6.0.1/src
    &lt;pkg_resources.WorkingSet object at 0x7fdb2e5317d0&gt;
    Traceback (most recent call last):
      File "&lt;string&gt;", line 1, in &lt;module&gt;
      File "/tmp/pip-install-pMQZjN/pydruid/setup.py", line 46, in &lt;module&gt;
        include_package_data=True,
      File "/usr/local/lib/python2.7/site-packages/setuptools/__init__.py", line 144, in setup
        _install_setup_requires(attrs)
      File "/usr/local/lib/python2.7/site-packages/setuptools/__init__.py", line 139, in _install_setup_requires
        dist.fetch_build_eggs(dist.setup_requires)
      File "/usr/local/lib/python2.7/site-packages/setuptools/dist.py", line 719, in fetch_build_eggs
        replace_conflicting=True,
      File "/usr/local/lib/python2.7/site-packages/pkg_resources/__init__.py", line 782, in resolve
        replace_conflicting=replace_conflicting
      File "/usr/local/lib/python2.7/site-packages/pkg_resources/__init__.py", line 1065, in best_match
        return self.obtain(req, installer)
      File "/usr/local/lib/python2.7/site-packages/pkg_resources/__init__.py", line 1077, in obtain
        return installer(requirement)
      File "/usr/local/lib/python2.7/site-packages/setuptools/dist.py", line 786, in fetch_build_egg
        return cmd.easy_install(req)
      File "/usr/local/lib/python2.7/site-packages/setuptools/command/easy_install.py", line 679, in easy_install
        return self.install_item(spec, dist.location, tmpdir, deps)
      File "/usr/local/lib/python2.7/site-packages/setuptools/command/easy_install.py", line 705, in install_item
        dists = self.install_eggs(spec, download, tmpdir)
      File "/usr/local/lib/python2.7/site-packages/setuptools/command/easy_install.py", line 890, in install_eggs
        return self.build_and_install(setup_script, setup_base)
      File "/usr/local/lib/python2.7/site-packages/setuptools/command/easy_install.py", line 1158, in build_and_install
        self.run_setup(setup_script, setup_base, args)
      File "/usr/local/lib/python2.7/site-packages/setuptools/command/easy_install.py", line 1144, in run_setup
        run_setup(setup_script, args)
      File "/usr/local/lib/python2.7/site-packages/setuptools/sandbox.py", line 253, in run_setup
        raise
      File "/usr/local/lib/python2.7/contextlib.py", line 35, in __exit__
        self.gen.throw(type, value, traceback)
      File "/usr/local/lib/python2.7/site-packages/setuptools/sandbox.py", line 195, in setup_context
        yield
      File "/usr/local/lib/python2.7/contextlib.py", line 35, in __exit__
        self.gen.throw(type, value, traceback)
      File "/usr/local/lib/python2.7/site-packages/setuptools/sandbox.py", line 166, in save_modules
        saved_exc.resume()
      File "/usr/local/lib/python2.7/site-packages/setuptools/sandbox.py", line 141, in resume
        six.reraise(type, exc, self._tb)
      File "/usr/local/lib/python2.7/site-packages/setuptools/sandbox.py", line 154, in save_modules
        yield saved
      File "/usr/local/lib/python2.7/site-packages/setuptools/sandbox.py", line 195, in setup_context
        yield
      File "/usr/local/lib/python2.7/site-packages/setuptools/sandbox.py", line 250, in run_setup
        _execfile(setup_script, ns)
      File "/usr/local/lib/python2.7/site-packages/setuptools/sandbox.py", line 45, in _execfile
        exec(code, globals, locals)
      File "/tmp/easy_install-RAmU7Y/pytest-runner-5.3.0/setup.py", line 21, in &lt;module&gt;
    
      File "/usr/local/lib/python2.7/site-packages/setuptools/__init__.py", line 144, in setup
        _install_setup_requires(attrs)
      File "/usr/local/lib/python2.7/site-packages/setuptools/__init__.py", line 139, in _install_setup_requires
        dist.fetch_build_eggs(dist.setup_requires)
      File "/usr/local/lib/python2.7/site-packages/setuptools/dist.py", line 719, in fetch_build_eggs
        replace_conflicting=True,
      File "/usr/local/lib/python2.7/site-packages/pkg_resources/__init__.py", line 782, in resolve
        replace_conflicting=replace_conflicting
      File "/usr/local/lib/python2.7/site-packages/pkg_resources/__init__.py", line 1065, in best_match
        return self.obtain(req, installer)
      File "/usr/local/lib/python2.7/site-packages/pkg_resources/__init__.py", line 1077, in obtain
        return installer(requirement)
      File "/usr/local/lib/python2.7/site-packages/setuptools/dist.py", line 786, in fetch_build_egg
        return cmd.easy_install(req)
      File "/usr/local/lib/python2.7/site-packages/setuptools/command/easy_install.py", line 679, in easy_install
        return self.install_item(spec, dist.location, tmpdir, deps)
      File "/usr/local/lib/python2.7/site-packages/setuptools/command/easy_install.py", line 705, in install_item
        dists = self.install_eggs(spec, download, tmpdir)
      File "/usr/local/lib/python2.7/site-packages/setuptools/command/easy_install.py", line 890, in install_eggs
        return self.build_and_install(setup_script, setup_base)
      File "/usr/local/lib/python2.7/site-packages/setuptools/command/easy_install.py", line 1158, in build_and_install
        self.run_setup(setup_script, setup_base, args)
      File "/usr/local/lib/python2.7/site-packages/setuptools/command/easy_install.py", line 1144, in run_setup
        run_setup(setup_script, args)
      File "/usr/local/lib/python2.7/site-packages/setuptools/sandbox.py", line 253, in run_setup
        raise
      File "/usr/local/lib/python2.7/contextlib.py", line 35, in __exit__
        self.gen.throw(type, value, traceback)
      File "/usr/local/lib/python2.7/site-packages/setuptools/sandbox.py", line 195, in setup_context
        yield
      File "/usr/local/lib/python2.7/contextlib.py", line 35, in __exit__
        self.gen.throw(type, value, traceback)
      File "/usr/local/lib/python2.7/site-packages/setuptools/sandbox.py", line 166, in save_modules
        saved_exc.resume()
      File "/usr/local/lib/python2.7/site-packages/setuptools/sandbox.py", line 141, in resume
        six.reraise(type, exc, self._tb)
      File "/usr/local/lib/python2.7/site-packages/setuptools/sandbox.py", line 154, in save_modules
        yield saved
      File "/usr/local/lib/python2.7/site-packages/setuptools/sandbox.py", line 195, in setup_context
        yield
      File "/usr/local/lib/python2.7/site-packages/setuptools/sandbox.py", line 250, in run_setup
        _execfile(setup_script, ns)
      File "/usr/local/lib/python2.7/site-packages/setuptools/sandbox.py", line 45, in _execfile
        exec(code, globals, locals)
      File "/tmp/easy_install-RAmU7Y/pytest-runner-5.3.0/temp/easy_install-6ng0KL/setuptools_scm-6.0.1/setup.py", line 52, in &lt;module&gt;
    
      File "/tmp/easy_install-RAmU7Y/pytest-runner-5.3.0/temp/easy_install-6ng0KL/setuptools_scm-6.0.1/setup.py", line 29, in scm_config
        license='Apache License, Version 2.0',
      File "/tmp/easy_install-RAmU7Y/pytest-runner-5.3.0/temp/easy_install-6ng0KL/setuptools_scm-6.0.1/src/setuptools_scm/__init__.py", line 8, in &lt;module&gt;
      File "/tmp/easy_install-RAmU7Y/pytest-runner-5.3.0/temp/easy_install-6ng0KL/setuptools_scm-6.0.1/src/setuptools_scm/config.py", line 6, in &lt;module&gt;
      File "/tmp/easy_install-RAmU7Y/pytest-runner-5.3.0/temp/easy_install-6ng0KL/setuptools_scm-6.0.1/src/setuptools_scm/utils.py", line 41
        print(*k)
              ^
    SyntaxError: invalid syntax
    ----------------------------------------
ERROR: Command errored out with exit status 1: python setup.py egg_info Check the logs for full command output.
WARNING: You are using pip version 19.2.2, however version 20.3.4 is available.
You should consider upgrading via the 'pip install --upgrade pip' command.
</code></pre>
<p>OS: Ubuntu 18.04</p>
<p>Something is up with the Docker image on Ubuntu. I followed the instructions as per the <a href="https://redash.io/help/open-source/dev-guide/docker" rel="noopener nofollow ugc">Docker Based Developer Installation Guide</a>. Once I run <code>docker-compose up -d</code>, I’m greeted with all of the pip errors.</p>
</div>
<div itemprop="interactionStatistic" itemscope="" itemtype="http://schema.org/InteractionCounter">
<meta content="http://schema.org/LikeAction" itemprop="interactionType"/>
<meta content="0" itemprop="userInteractionCount"/>
<span class="post-likes"></span>
</div>
<div itemprop="interactionStatistic" itemscope="" itemtype="http://schema.org/InteractionCounter">
<meta content="http://schema.org/CommentAction" itemprop="interactionType"/>
<meta content="1" itemprop="userInteractionCount"/>
</div>
</div>
<div class="topic-body crawler-post" id="post_8" itemprop="comment" itemscope="" itemtype="http://schema.org/Comment">
<div class="crawler-post-meta">
<span class="creator" itemprop="author" itemscope="" itemtype="http://schema.org/Person">
<a href="../../u/detail/k4s1m.html" itemprop="url"><img alt="" class="avatar" height="48" loading="lazy" src="../../u/avatars/k4s1m_avatar.png" tabindex="-1" width="48"/><span itemprop="name">k4s1m</span></a>
</span>
<link href="https://discuss.redash.io/t/problem-in-redash-deployment/8159" itemprop="mainEntityOfPage"/>
<link href="https://global.discourse-cdn.com/standard17/uploads/redash1/original/2X/b/b4d8fb345412e05397e03f883a8a5d855f936bf5.png" itemprop="image"/>
<span class="crawler-post-infos">
<time class="post-time" datetime="2021-03-23T02:51:50Z" itemprop="datePublished">
                    March 23, 2021,  2:51am
                  </time>
<meta content="2021-03-23T03:01:47Z" itemprop="dateModified"/>
<span itemprop="position">8</span>
</span>
</div>
<div class="post" itemprop="text">
<aside class="quote no-group" data-post="7" data-topic="8159" data-username="deaugur">
<div class="title">
<div class="quote-controls"></div>
<img alt="" class="avatar" height="20" loading="lazy" src="assets/2837_2.png" width="20"/> deaugur:</div>
<blockquote>
<p>Something is up with the Docker image on Ubuntu.</p>
</blockquote>
</aside>
<p>This may be true on your machine but I can’t reproduce it on a fresh clone of getredash/redash. I’m using Docker 3.1.0 (51484) on MacOS Catalina.</p>
<p>These are the comman</p>
<pre><code class="lang-auto">cd ~
git@github.com:getredash/redash.git redash-test --single-branch
cd redash-test
docker-compose build
docker-compose up -d
docker-compose run --rm server create_db
npm install &amp;&amp; npm run build
</code></pre>
<p>No build issues. Application starts on the first try on <code>localhost:5000</code>.</p>
<p><div class="lightbox-wrapper"><a class="lightbox" data-download-href="/uploads/short-url/pNQP8VcKM96wmme2p7xFfg1RAnH.png?dl=1" href="https://global.discourse-cdn.com/standard17/uploads/redash1/original/2X/b/b4d8fb345412e05397e03f883a8a5d855f936bf5.png" rel="noopener nofollow ugc" title="image"><img alt="image" data-base62-sha1="pNQP8VcKM96wmme2p7xFfg1RAnH" data-small-upload="https://global.discourse-cdn.com/standard17/uploads/redash1/optimized/2X/b/b4d8fb345412e05397e03f883a8a5d855f936bf5_2_10x10.png" height="500" src="assets/b4d8fb345412e05397e03f883a8a5d855f936bf5_2_446x500.png" srcset="https://global.discourse-cdn.com/standard17/uploads/redash1/optimized/2X/b/b4d8fb345412e05397e03f883a8a5d855f936bf5_2_446x500.png, https://global.discourse-cdn.com/standard17/uploads/redash1/optimized/2X/b/b4d8fb345412e05397e03f883a8a5d855f936bf5_2_669x750.png 1.5x, https://global.discourse-cdn.com/standard17/uploads/redash1/optimized/2X/b/b4d8fb345412e05397e03f883a8a5d855f936bf5_2_892x1000.png 2x" width="446"/><div class="meta">
<svg aria-hidden="true" class="fa d-icon d-icon-far-image svg-icon"><use href="#far-image"></use></svg><span class="filename">image</span><span class="informations">1414×1582 130 KB</span><svg aria-hidden="true" class="fa d-icon d-icon-discourse-expand svg-icon"><use href="#discourse-expand"></use></svg>
</div></a></div><br/>
<div class="lightbox-wrapper"><a class="lightbox" data-download-href="/uploads/short-url/3JkYuHFvXHt01oFioZl8a2tnc9J.jpeg?dl=1" href="https://global.discourse-cdn.com/standard17/uploads/redash1/original/2X/1/1a2689095f10a70999ff0059d15b0fbe37b135e3.jpeg" rel="noopener nofollow ugc" title="image"><img alt="image" data-base62-sha1="3JkYuHFvXHt01oFioZl8a2tnc9J" data-small-upload="https://global.discourse-cdn.com/standard17/uploads/redash1/optimized/2X/1/1a2689095f10a70999ff0059d15b0fbe37b135e3_2_10x10.png" height="500" src="assets/1a2689095f10a70999ff0059d15b0fbe37b135e3_2_679x500.jpeg" srcset="https://global.discourse-cdn.com/standard17/uploads/redash1/optimized/2X/1/1a2689095f10a70999ff0059d15b0fbe37b135e3_2_679x500.jpeg, https://global.discourse-cdn.com/standard17/uploads/redash1/optimized/2X/1/1a2689095f10a70999ff0059d15b0fbe37b135e3_2_1018x750.jpeg 1.5x, https://global.discourse-cdn.com/standard17/uploads/redash1/optimized/2X/1/1a2689095f10a70999ff0059d15b0fbe37b135e3_2_1358x1000.jpeg 2x" width="679"/><div class="meta">
<svg aria-hidden="true" class="fa d-icon d-icon-far-image svg-icon"><use href="#far-image"></use></svg><span class="filename">image</span><span class="informations">1893×1393 432 KB</span><svg aria-hidden="true" class="fa d-icon d-icon-discourse-expand svg-icon"><use href="#discourse-expand"></use></svg>
</div></a></div></p>
<p>The problem is not with Redash or with Docker but rather something in your environment.</p>
<p>[EDIT]<br/>
I found <a href="https://forums.couchbase.com/t/unable-to-install-sdk-python-on-ubuntu-18-04/25687" rel="noopener nofollow ugc">this forum post</a> that seems like you may not have installed the Python build tools on your system.</p>
<p><a href="https://stackoverflow.com/questions/52193937/pip-install-mysqlclient-fails-on-ubuntu-with-python-2-7-on-docker" rel="noopener nofollow ugc">This SO response</a> seems to point in the same direction.</p>
</div>
<div itemprop="interactionStatistic" itemscope="" itemtype="http://schema.org/InteractionCounter">
<meta content="http://schema.org/LikeAction" itemprop="interactionType"/>
<meta content="0" itemprop="userInteractionCount"/>
<span class="post-likes"></span>
</div>
<div itemprop="interactionStatistic" itemscope="" itemtype="http://schema.org/InteractionCounter">
<meta content="http://schema.org/CommentAction" itemprop="interactionType"/>
<meta content="2" itemprop="userInteractionCount"/>
</div>
<div class="crawler-linkback-list" itemscope="" itemtype="http://schema.org/ItemList">
<div itemprop="itemListElement" itemscope="" itemtype="http://schema.org/ListItem">
<a href="http://discuss.redash.io/t/need-updated-oracle-connection-setup-guide/8393" itemprop="url">Need updated oracle connection setup guide</a>
<meta content="5" itemprop="position"/>
</div>
</div>
</div>
<div class="topic-body crawler-post" id="post_9" itemprop="comment" itemscope="" itemtype="http://schema.org/Comment">
<div class="crawler-post-meta">
<span class="creator" itemprop="author" itemscope="" itemtype="http://schema.org/Person">
<a href="../../u/detail/deaugur.html" itemprop="url"><img alt="" class="avatar" height="48" loading="lazy" src="../../u/avatars/deaugur_avatar.png" tabindex="-1" width="48"/><span itemprop="name">deaugur</span></a>
</span>
<link href="https://discuss.redash.io/t/problem-in-redash-deployment/8159" itemprop="mainEntityOfPage"/>
<span class="crawler-post-infos">
<time class="post-time" datetime="2021-03-23T03:56:15Z" itemprop="datePublished">
                    March 23, 2021,  3:56am
                  </time>
<meta content="2021-03-23T03:56:15Z" itemprop="dateModified"/>
<span itemprop="position">9</span>
</span>
</div>
<div class="post" itemprop="text">
<p>Thanks for the quick response.</p>
<p>I’m installing v8.0.2 via <code>git clone --branch v8.0.2 https://github.com/getredash/redash.git</code></p>
<p>I installed the dev libraries and compilers per your links but still the same issue as soon as <code>docker-compose build</code> is run: <code>pymapd</code> fails.</p>
<p>Docker-compose error:</p>
<pre><code class="lang-bash">ERROR: Command errored out with exit status 1:
     command: /usr/local/bin/python -c 'import sys, setuptools, tokenize; sys.argv[0] = '"'"'/tmp/pip-install-pXvWjM/pymapd/setup.py'"'"'; __file__='"'"'/tmp/pip-install-pXvWjM/pymapd/setup.py'"'"';f=getattr(tokenize, '"'"'open'"'"', open)(__file__);code=f.read().replace('"'"'\r\n'"'"', '"'"'\n'"'"');f.close();exec(compile(code, __file__, '"'"'exec'"'"'))' egg_info --egg-base pip-egg-info
         cwd: /tmp/pip-install-pXvWjM/pymapd/
    Complete output (60 lines):
    /tmp/easy_install-XsY1d2/setuptools_scm-6.0.1/src
    &lt;pkg_resources.WorkingSet object at 0x7f08b9a3af50&gt;
    Traceback (most recent call last):
      File "&lt;string&gt;", line 1, in &lt;module&gt;
      File "/tmp/pip-install-pXvWjM/pymapd/setup.py", line 65, in &lt;module&gt;
        extras_require=extra_requires
      File "/usr/local/lib/python2.7/site-packages/setuptools/__init__.py", line 144, in setup
        _install_setup_requires(attrs)
      File "/usr/local/lib/python2.7/site-packages/setuptools/__init__.py", line 139, in _install_setup_requires
        dist.fetch_build_eggs(dist.setup_requires)
      File "/usr/local/lib/python2.7/site-packages/setuptools/dist.py", line 719, in fetch_build_eggs
        replace_conflicting=True,
      File "/usr/local/lib/python2.7/site-packages/pkg_resources/__init__.py", line 782, in resolve
        replace_conflicting=replace_conflicting
      File "/usr/local/lib/python2.7/site-packages/pkg_resources/__init__.py", line 1065, in best_match
        return self.obtain(req, installer)
      File "/usr/local/lib/python2.7/site-packages/pkg_resources/__init__.py", line 1077, in obtain
        return installer(requirement)
      File "/usr/local/lib/python2.7/site-packages/setuptools/dist.py", line 786, in fetch_build_egg
        return cmd.easy_install(req)
      File "/usr/local/lib/python2.7/site-packages/setuptools/command/easy_install.py", line 679, in easy_install
        return self.install_item(spec, dist.location, tmpdir, deps)
      File "/usr/local/lib/python2.7/site-packages/setuptools/command/easy_install.py", line 705, in install_item
        dists = self.install_eggs(spec, download, tmpdir)
      File "/usr/local/lib/python2.7/site-packages/setuptools/command/easy_install.py", line 890, in install_eggs
        return self.build_and_install(setup_script, setup_base)
      File "/usr/local/lib/python2.7/site-packages/setuptools/command/easy_install.py", line 1158, in build_and_install
        self.run_setup(setup_script, setup_base, args)
      File "/usr/local/lib/python2.7/site-packages/setuptools/command/easy_install.py", line 1144, in run_setup
        run_setup(setup_script, args)
      File "/usr/local/lib/python2.7/site-packages/setuptools/sandbox.py", line 253, in run_setup
        raise
      File "/usr/local/lib/python2.7/contextlib.py", line 35, in __exit__
        self.gen.throw(type, value, traceback)
      File "/usr/local/lib/python2.7/site-packages/setuptools/sandbox.py", line 195, in setup_context
        yield
      File "/usr/local/lib/python2.7/contextlib.py", line 35, in __exit__
        self.gen.throw(type, value, traceback)
      File "/usr/local/lib/python2.7/site-packages/setuptools/sandbox.py", line 166, in save_modules
        saved_exc.resume()
      File "/usr/local/lib/python2.7/site-packages/setuptools/sandbox.py", line 141, in resume
        six.reraise(type, exc, self._tb)
      File "/usr/local/lib/python2.7/site-packages/setuptools/sandbox.py", line 154, in save_modules
        yield saved
      File "/usr/local/lib/python2.7/site-packages/setuptools/sandbox.py", line 195, in setup_context
        yield
      File "/usr/local/lib/python2.7/site-packages/setuptools/sandbox.py", line 250, in run_setup
        _execfile(setup_script, ns)
      File "/usr/local/lib/python2.7/site-packages/setuptools/sandbox.py", line 45, in _execfile
        exec(code, globals, locals)
      File "/tmp/easy_install-XsY1d2/setuptools_scm-6.0.1/setup.py", line 52, in &lt;module&gt;
        'Topic :: Scientific/Engineering',
      File "/tmp/easy_install-XsY1d2/setuptools_scm-6.0.1/setup.py", line 29, in scm_config
        extra_requires = {
      File "/tmp/easy_install-XsY1d2/setuptools_scm-6.0.1/src/setuptools_scm/__init__.py", line 8, in &lt;module&gt;
      File "/tmp/easy_install-XsY1d2/setuptools_scm-6.0.1/src/setuptools_scm/config.py", line 6, in &lt;module&gt;
      File "/tmp/easy_install-XsY1d2/setuptools_scm-6.0.1/src/setuptools_scm/utils.py", line 41
        print(*k)
              ^
    SyntaxError: invalid syntax
    ----------------------------------------
ERROR: Command errored out with exit status 1: python setup.py egg_info Check the logs for full command output.
WARNING: You are using pip version 19.2.2, however version 20.3.4 is available.
You should consider upgrading via the 'pip install --upgrade pip' command.
ERROR: Service 'server' failed to build: The command '/bin/sh -c if [ "x$skip_ds_deps" = "x" ] ; then pip install -r requirements_all_ds.txt ; else echo "Skipping pip install -r requirements_all_ds.txt" ; fi' returned a non-zero code: 1
</code></pre>
</div>
<div itemprop="interactionStatistic" itemscope="" itemtype="http://schema.org/InteractionCounter">
<meta content="http://schema.org/LikeAction" itemprop="interactionType"/>
<meta content="0" itemprop="userInteractionCount"/>
<span class="post-likes"></span>
</div>
<div itemprop="interactionStatistic" itemscope="" itemtype="http://schema.org/InteractionCounter">
<meta content="http://schema.org/CommentAction" itemprop="interactionType"/>
<meta content="1" itemprop="userInteractionCount"/>
</div>
</div>
<div class="topic-body crawler-post" id="post_10" itemprop="comment" itemscope="" itemtype="http://schema.org/Comment">
<div class="crawler-post-meta">
<span class="creator" itemprop="author" itemscope="" itemtype="http://schema.org/Person">
<a href="../../u/detail/arnav0024.html" itemprop="url"><img alt="" class="avatar" height="48" loading="lazy" src="../../u/avatars/arnav0024_avatar.png" tabindex="-1" width="48"/><span itemprop="name">arnav0024</span></a>
</span>
<link href="https://discuss.redash.io/t/problem-in-redash-deployment/8159" itemprop="mainEntityOfPage"/>
<span class="crawler-post-infos">
<time class="post-time" datetime="2021-03-23T04:53:36Z" itemprop="datePublished">
                    March 23, 2021,  4:53am
                  </time>
<meta content="2021-03-23T04:53:36Z" itemprop="dateModified"/>
<span itemprop="position">10</span>
</span>
</div>
<div class="post" itemprop="text">
<p>This is indeed the exact same problem we are facing. We are solving the same by keeping the caches of initially installed images. Need a permanent solution to same.</p>
</div>
<div itemprop="interactionStatistic" itemscope="" itemtype="http://schema.org/InteractionCounter">
<meta content="http://schema.org/LikeAction" itemprop="interactionType"/>
<meta content="0" itemprop="userInteractionCount"/>
<span class="post-likes"></span>
</div>
<div itemprop="interactionStatistic" itemscope="" itemtype="http://schema.org/InteractionCounter">
<meta content="http://schema.org/CommentAction" itemprop="interactionType"/>
<meta content="0" itemprop="userInteractionCount"/>
</div>
</div>
<div class="topic-body crawler-post" id="post_11" itemprop="comment" itemscope="" itemtype="http://schema.org/Comment">
<div class="crawler-post-meta">
<span class="creator" itemprop="author" itemscope="" itemtype="http://schema.org/Person">
<a href="../../u/detail/akash1.html" itemprop="url"><img alt="" class="avatar" height="48" loading="lazy" src="../../u/avatars/akash1_avatar.png" tabindex="-1" width="48"/><span itemprop="name">akash1</span></a>
</span>
<link href="https://discuss.redash.io/t/problem-in-redash-deployment/8159" itemprop="mainEntityOfPage"/>
<span class="crawler-post-infos">
<time class="post-time" datetime="2021-05-05T10:35:15Z" itemprop="datePublished">
                    May 5, 2021, 10:35am
                  </time>
<meta content="2021-05-05T10:44:59Z" itemprop="dateModified"/>
<span itemprop="position">11</span>
</span>
</div>
<div class="post" itemprop="text">
<p>I’m encountering this same issue as well.</p>
<p>I downloaded .zip source from <a href="https://github.com/getredash/redash/releases/v8.0.0" rel="noopener nofollow ugc">https://github.com/getredash/redash/releases/tag/v8.0.0</a></p>
<p>Then ran <code>docker-compose up -d</code>.</p>
<p>Then the same above error occurred:</p>
<pre><code>File "/tmp/easy_install-B94cIl/setuptools_scm-6.0.1/src/setuptools_scm/utils.py", line 41
    print(*k)
SyntaxError: invalid syntax
</code></pre>
<p>Here this print(*k) is a valid Python3, but not valid Python2. Maybe that has something to do with it.</p>
<p>This same issue is also discussed in the setuptools_scm github: <a href="https://github.com/pypa/setuptools_scm/issues/541" rel="noopener nofollow ugc">https://github.com/pypa/setuptools_scm/issues/541</a></p>
<p>My environment details:</p>
<p>OS: Ubuntu 18.04<br/>
Docker: 20.10.6, build 370c289<br/>
docker-compose: 1.29.1, build c34c88b2</p>
<p>Also, this doesn’t happen if I pull the latest master repo from <a href="https://github.com/getredash/redash" rel="noopener nofollow ugc">https://github.com/getredash/redash</a>.</p>
</div>
<div itemprop="interactionStatistic" itemscope="" itemtype="http://schema.org/InteractionCounter">
<meta content="http://schema.org/LikeAction" itemprop="interactionType"/>
<meta content="0" itemprop="userInteractionCount"/>
<span class="post-likes"></span>
</div>
<div itemprop="interactionStatistic" itemscope="" itemtype="http://schema.org/InteractionCounter">
<meta content="http://schema.org/CommentAction" itemprop="interactionType"/>
<meta content="0" itemprop="userInteractionCount"/>
</div>
</div>
</div>
</div>
</div>
</div>
<div class="overlay" id="modalOverlay" style="display: none;">
<div class="modal-content">
<p>Login or sign up disabled while the site is in read only mode</p>
<hr/>
<button class="btn btn-login">OK</button>
</div>
</div>
<script src="../../js/script.js"></script>
</body>
</html>