<!DOCTYPE html>
<html lang="en">
  <head>
    <meta charset="utf-8">
    <title>Redash build errors on npm / frontend - Self Hosted Redash Support - Redash Discourse</title>
    <meta name="description" content="Issue Summary
A summary of the issue and the browser/OS environment in which it occurs. 

Followed the manual https://redash.io/help/open-source/dev-guide/docker

Want to build assets with npm run build


Ran into two f&amp;hellip;">
    <meta name="generator" content="Discourse 3.2.0.beta2-dev - https://github.com/discourse/discourse version 83621ccbe797223b48b624b00ef04f24672e1f03">
<link rel="icon" type="image/png" href="https://global.discourse-cdn.com/standard17/uploads/redash1/optimized/1X/01e20869afc0877e3e5aee0f94419b9e9bffa961_2_32x32.ico">
<link rel="apple-touch-icon" type="image/png" href="https://global.discourse-cdn.com/standard17/uploads/redash1/optimized/1X/e1838a8a0c506503a22e0c60e2334374b2895c87_2_180x180.png">
<meta name="theme-color" media="all" content="#ffffff">

<meta name="viewport" content="width=device-width, initial-scale=1.0, minimum-scale=1.0, user-scalable=yes, viewport-fit=cover">
<link rel="canonical" href="https://discuss.redash.io/t/redash-build-errors-on-npm-frontend/8437" />

<link rel="search" type="application/opensearchdescription+xml" href="https://discuss.redash.io/opensearch.xml" title="Redash Discourse Search">

    <link href="https://sjc6.discourse-cdn.com/standard17/stylesheets/color_definitions_base__2_8fd59ae1f286f43b3ff17996df07ea951685249d.css?__ws=discuss.redash.io" media="all" rel="stylesheet" class="light-scheme"/>

  <link href="https://sjc6.discourse-cdn.com/standard17/stylesheets/desktop_d86c892d7cd5311243d31a8f11787f4b0342874d.css?__ws=discuss.redash.io" media="all" rel="stylesheet" data-target="desktop"  />



  <link href="https://sjc6.discourse-cdn.com/standard17/stylesheets/checklist_d86c892d7cd5311243d31a8f11787f4b0342874d.css?__ws=discuss.redash.io" media="all" rel="stylesheet" data-target="checklist"  />
  <link href="https://sjc6.discourse-cdn.com/standard17/stylesheets/discourse-adplugin_d86c892d7cd5311243d31a8f11787f4b0342874d.css?__ws=discuss.redash.io" media="all" rel="stylesheet" data-target="discourse-adplugin"  />
  <link href="https://sjc6.discourse-cdn.com/standard17/stylesheets/discourse-akismet_d86c892d7cd5311243d31a8f11787f4b0342874d.css?__ws=discuss.redash.io" media="all" rel="stylesheet" data-target="discourse-akismet"  />
  <link href="https://sjc6.discourse-cdn.com/standard17/stylesheets/discourse-cakeday_d86c892d7cd5311243d31a8f11787f4b0342874d.css?__ws=discuss.redash.io" media="all" rel="stylesheet" data-target="discourse-cakeday"  />
  <link href="https://sjc6.discourse-cdn.com/standard17/stylesheets/discourse-chat-integration_d86c892d7cd5311243d31a8f11787f4b0342874d.css?__ws=discuss.redash.io" media="all" rel="stylesheet" data-target="discourse-chat-integration"  />
  <link href="https://sjc6.discourse-cdn.com/standard17/stylesheets/discourse-details_d86c892d7cd5311243d31a8f11787f4b0342874d.css?__ws=discuss.redash.io" media="all" rel="stylesheet" data-target="discourse-details"  />
  <link href="https://sjc6.discourse-cdn.com/standard17/stylesheets/discourse-footnote_d86c892d7cd5311243d31a8f11787f4b0342874d.css?__ws=discuss.redash.io" media="all" rel="stylesheet" data-target="discourse-footnote"  />
  <link href="https://sjc6.discourse-cdn.com/standard17/stylesheets/discourse-lazy-videos_d86c892d7cd5311243d31a8f11787f4b0342874d.css?__ws=discuss.redash.io" media="all" rel="stylesheet" data-target="discourse-lazy-videos"  />
  <link href="https://sjc6.discourse-cdn.com/standard17/stylesheets/discourse-local-dates_d86c892d7cd5311243d31a8f11787f4b0342874d.css?__ws=discuss.redash.io" media="all" rel="stylesheet" data-target="discourse-local-dates"  />
  <link href="https://sjc6.discourse-cdn.com/standard17/stylesheets/discourse-narrative-bot_d86c892d7cd5311243d31a8f11787f4b0342874d.css?__ws=discuss.redash.io" media="all" rel="stylesheet" data-target="discourse-narrative-bot"  />
  <link href="https://sjc6.discourse-cdn.com/standard17/stylesheets/discourse-presence_d86c892d7cd5311243d31a8f11787f4b0342874d.css?__ws=discuss.redash.io" media="all" rel="stylesheet" data-target="discourse-presence"  />
  <link href="https://sjc6.discourse-cdn.com/standard17/stylesheets/discourse-solved_d86c892d7cd5311243d31a8f11787f4b0342874d.css?__ws=discuss.redash.io" media="all" rel="stylesheet" data-target="discourse-solved"  />
  <link href="https://sjc6.discourse-cdn.com/standard17/stylesheets/discourse-spoiler-alert_d86c892d7cd5311243d31a8f11787f4b0342874d.css?__ws=discuss.redash.io" media="all" rel="stylesheet" data-target="discourse-spoiler-alert"  />
  <link href="https://sjc6.discourse-cdn.com/standard17/stylesheets/hosted-site_d86c892d7cd5311243d31a8f11787f4b0342874d.css?__ws=discuss.redash.io" media="all" rel="stylesheet" data-target="hosted-site"  />
  <link href="https://sjc6.discourse-cdn.com/standard17/stylesheets/poll_d86c892d7cd5311243d31a8f11787f4b0342874d.css?__ws=discuss.redash.io" media="all" rel="stylesheet" data-target="poll"  />
  <link href="https://sjc6.discourse-cdn.com/standard17/stylesheets/poll_desktop_d86c892d7cd5311243d31a8f11787f4b0342874d.css?__ws=discuss.redash.io" media="all" rel="stylesheet" data-target="poll_desktop"  />

  <link href="https://sjc6.discourse-cdn.com/standard17/stylesheets/desktop_theme_2_be4cb2b86ec06123c5e974acd20fd933d14b129d.css?__ws=discuss.redash.io" media="all" rel="stylesheet" data-target="desktop_theme" data-theme-id="2" data-theme-name="default"/>

    
    <meta id="data-ga-universal-analytics" data-tracking-code="UA-47088186-6" data-json="{&quot;cookieDomain&quot;:&quot;auto&quot;}" data-auto-link-domains="">

  <link rel="preload" href="https://global.discourse-cdn.com/standard17/assets/google-universal-analytics-v3-08add7ec997ab472fcd9f821d32ff7caf4b8b9a5de2ec18ca723a040be07a098.gz.js" as="script">
<script defer src="https://global.discourse-cdn.com/standard17/assets/google-universal-analytics-v3-08add7ec997ab472fcd9f821d32ff7caf4b8b9a5de2ec18ca723a040be07a098.gz.js"></script>


        <link rel="alternate nofollow" type="application/rss+xml" title="RSS feed of &#39;Redash build errors on npm / frontend&#39;" href="https://discuss.redash.io/t/redash-build-errors-on-npm-frontend/8437.rss" />
    <meta property="og:site_name" content="Redash Discourse" />
<meta property="og:type" content="website" />
<meta name="twitter:card" content="summary" />
<meta name="twitter:image" content="https://global.discourse-cdn.com/standard17/uploads/redash1/original/1X/e1838a8a0c506503a22e0c60e2334374b2895c87.png" />
<meta property="og:image" content="https://global.discourse-cdn.com/standard17/uploads/redash1/original/1X/e1838a8a0c506503a22e0c60e2334374b2895c87.png" />
<meta property="og:url" content="https://discuss.redash.io/t/redash-build-errors-on-npm-frontend/8437" />
<meta name="twitter:url" content="https://discuss.redash.io/t/redash-build-errors-on-npm-frontend/8437" />
<meta property="og:title" content="Redash build errors on npm / frontend" />
<meta name="twitter:title" content="Redash build errors on npm / frontend" />
<meta property="og:description" content="Issue Summary A summary of the issue and the browser/OS environment in which it occurs.   Followed the manual https://redash.io/help/open-source/dev-guide/docker  Want to build assets with npm run build   Ran into two fixable dependency issues:  npm i --save-dev @types/jest npm i --save-dev babel-plugin-module-resolver  Via:     Build error with Typescript related issues (see build log in details)   Technical details:  Redash Version: from Git Browser/OS: / How did you install Redash: onpremise..." />
<meta name="twitter:description" content="Issue Summary A summary of the issue and the browser/OS environment in which it occurs.   Followed the manual https://redash.io/help/open-source/dev-guide/docker  Want to build assets with npm run build   Ran into two fixable dependency issues:  npm i --save-dev @types/jest npm i --save-dev babel-plugin-module-resolver  Via:     Build error with Typescript related issues (see build log in details)   Technical details:  Redash Version: from Git Browser/OS: / How did you install Redash: onpremise..." />
<meta property="og:article:section" content="Support" />
<meta property="og:article:section:color" content="BF1E2E" />
<meta property="og:article:section" content="Self Hosted Redash Support" />
<meta property="og:article:section:color" content="AB9364" />
<meta property="article:published_time" content="2021-05-13T14:34:11+00:00" />
<meta property="og:ignore_canonical" content="true" />


    <script type="application/ld+json">{"@context":"http://schema.org","@type":"QAPage","name":"Redash build errors on npm / frontend","mainEntity":{"@type":"Question","name":"Redash build errors on npm / frontend","text":"<a name=\"issue-summary-1\" class=\"anchor\" href=\"#issue-summary-1\"><\/a>Issue Summary\n\nA summary of the issue and the browser/OS environment in which it occurs.\n\nFollowed the manual <a href=\"https://redash.io/help/open-source/dev-guide/docker\" rel=\"noopener nofollow ugc\">https://redash.io/help/open-source/dev-guide/docker<\/a>\n\nWant to build assets with npm run build\n\nRan into two fixable dependency issues:\n\nnpm i --save-dev @types/jest\n\nnpm i --save-dev babel-p&hellip;","upvoteCount":0,"answerCount":0,"dateCreated":"2021-05-13T14:34:11.017Z","author":{"@type":"Person","name":"Marius Ciepluch"}}}</script>
  </head>
  <body class="crawler ">
    
    <header>
  <a href="/">
    Redash Discourse
  </a>
</header>

    <div id="main-outlet" class="wrap" role="main">
        <div id="topic-title">
    <h1>
      <a href="/t/redash-build-errors-on-npm-frontend/8437">Redash build errors on npm / frontend</a>
    </h1>

      <div class="topic-category" itemscope itemtype="http://schema.org/BreadcrumbList">
          <span itemprop="itemListElement" itemscope itemtype="http://schema.org/ListItem">
            <a href="https://discuss.redash.io/c/support/6" class="badge-wrapper bullet" itemprop="item">
              <span class='badge-category-bg' style='background-color: #BF1E2E'></span>
              <span class='badge-category clear-badge'>
                <span class='category-name' itemprop='name'>Support</span>
              </span>
            </a>
            <meta itemprop="position" content="1" />
          </span>
          <span itemprop="itemListElement" itemscope itemtype="http://schema.org/ListItem">
            <a href="https://discuss.redash.io/c/support/support-self-hosted/9" class="badge-wrapper bullet" itemprop="item">
              <span class='badge-category-bg' style='background-color: #AB9364'></span>
              <span class='badge-category clear-badge'>
                <span class='category-name' itemprop='name'>Self Hosted Redash Support</span>
              </span>
            </a>
            <meta itemprop="position" content="2" />
          </span>
      </div>

  </div>

  

    <div itemscope itemtype='http://schema.org/DiscussionForumPosting'>
      <meta itemprop='headline' content='Redash build errors on npm / frontend'>
        <meta itemprop='articleSection' content='Self Hosted Redash Support'>
      <meta itemprop='keywords' content=''>
      <div itemprop='publisher' itemscope itemtype="http://schema.org/Organization">
        <meta itemprop='name' content='Redash Discourse'>
          <div itemprop='logo' itemscope itemtype="http://schema.org/ImageObject">
            <meta itemprop='url' content='https://global.discourse-cdn.com/standard17/uploads/redash1/original/1X/c07bc573841e1e4a0013ea3b6fe088a1534228a3.png'>
          </div>
      </div>

          <div id='post_1'  class='topic-body crawler-post'>
            <div class='crawler-post-meta'>
              <span class="creator" itemprop="author" itemscope itemtype="http://schema.org/Person">
                <a itemprop="url" href='https://discuss.redash.io/u/norandom'><span itemprop='name'>norandom</span></a>
                
              </span>

              <link itemprop="mainEntityOfPage" href="https://discuss.redash.io/t/redash-build-errors-on-npm-frontend/8437">


              <span class="crawler-post-infos">
                  <time itemprop='datePublished' datetime='2021-05-13T14:34:11Z' class='post-time'>
                    May 13, 2021,  2:34pm
                  </time>
                  <meta itemprop='dateModified' content='2021-05-13T14:34:11Z'>
              <span itemprop='position'>1</span>
              </span>
            </div>
            <div class='post' itemprop='articleBody'>
              <h3>
<a name="issue-summary-1" class="anchor" href="#issue-summary-1"></a>Issue Summary</h3>
<p>A summary of the issue and the browser/OS environment in which it occurs.</p>
<ol>
<li>Followed the manual <a href="https://redash.io/help/open-source/dev-guide/docker" rel="noopener nofollow ugc">https://redash.io/help/open-source/dev-guide/docker</a>
</li>
<li>Want to build assets with <code>npm run build</code>
</li>
</ol>
<p>Ran into two fixable dependency issues:</p>
<pre><code>npm i --save-dev @types/jest
npm i --save-dev babel-plugin-module-resolver
</code></pre>
<p>Via:</p>
<aside class="quote quote-modified" data-post="4" data-topic="7854">
  <div class="title">
    <div class="quote-controls"></div>
    <img loading="lazy" alt="" width="20" height="20" src="https://sjc6.discourse-cdn.com/standard17/user_avatar/discuss.redash.io/komangsidhiartha/40/2698_2.png" class="avatar">
    <a href="http://discuss.redash.io/t/multiple-errors-when-trying-to-self-host-according-to-guides/7854/4">Multiple errors when trying to self host according to guides</a> <a class="badge-wrapper  bullet" href="/c/support/support-self-hosted/9"><span class="badge-category-parent-bg" style="background-color: #BF1E2E;"></span><span class="badge-category-bg" style="background-color: #AB9364;"></span><span style="" data-drop-close="true" class="badge-category clear-badge" title="Support on installing, configuring and troubleshooting issues with self hosted Redash.">Self Hosted Redash Support</span></a>
  </div>
  <blockquote>
    Hi <a class="mention" href="/u/huzaifahj">@huzaifahj</a> 
I can get rid of this error by installing 
npm i --save-dev @types/jest 
there are many other errors comes up, telling me to install many @types/* though 
do you have any idea <a class="mention" href="/u/k4s1m">@k4s1m</a> ? 
Ubuntu 20.04 
Node: 14.15.4 
npm: 6.14.10 

Update 1 
got another error after installing all the @types/* 
Error: Cannot find module 'babel-plugin-module-resolver' from '/opt/redash/viz-lib' 

Update 2 
simply install npm i --save-dev babel-plugin-module-resolver to make it work, 
I didn’t know if …
  </blockquote>
</aside>

<ol start="3">
<li>Build error with Typescript related issues (see build log in details)</li>
</ol>
<h3>
<a name="technical-details-2" class="anchor" href="#technical-details-2"></a>Technical details:</h3>
<ul>
<li>Redash Version: from Git</li>
<li>Browser/OS: /</li>
<li>How did you install Redash: onpremise, for a pre-eval</li>
</ul>
<p>I use node version 12. Tried out other versions as well. The install guide should list compatible versions.</p>
<details>
<summary>
-&gt; Open the build error log</summary>
<pre><code class="lang-auto">&gt; @redash/viz@1.0.0 type-gen /home/marius/redash/viz-lib
&gt; tsc --emitDeclarationOnly

src/components/ColorPicker/Input.tsx:3:23 - error TS7016: Could not find a declaration file for module 'tinycolor2'. '/home/marius/redash/node_modules/tinycolor2/tinycolor.js' implicitly has an 'any' type.
  Try `npm i --save-dev @types/tinycolor2` if it exists or add a new declaration (.d.ts) file containing `declare module 'tinycolor2';`

3 import tinycolor from "tinycolor2";
                        ~~~~~~~~~~~~

src/components/ColorPicker/utils.ts:2:23 - error TS7016: Could not find a declaration file for module 'tinycolor2'. '/home/marius/redash/node_modules/tinycolor2/tinycolor.js' implicitly has an 'any' type.
  Try `npm i --save-dev @types/tinycolor2` if it exists or add a new declaration (.d.ts) file containing `declare module 'tinycolor2';`

2 import tinycolor from "tinycolor2";
                        ~~~~~~~~~~~~

src/components/ErrorBoundary.tsx:3:19 - error TS7016: Could not find a declaration file for module 'debug'. '/home/marius/redash/node_modules/debug/src/index.js' implicitly has an 'any' type.
  Try `npm i --save-dev @types/debug` if it exists or add a new declaration (.d.ts) file containing `declare module 'debug';`

3 import debug from "debug";
                    ~~~~~~~

src/components/HtmlContent.tsx:9:7 - error TS2578: Unused '@ts-expect-error' directive.

...
src/visualizations/box-plot/d3box.ts:195:21 - error TS7006: Parameter 'i' implicitly has an 'any' type.

195         .attr("cy", i =&gt; x1(d[i]))
                        ~

src/visualizations/box-plot/d3box.ts:201:21 - error TS7006: Parameter 'i' implicitly has an 'any' type.

201         .attr("cy", i =&gt; x1(d[i]))
                        ~

src/visualizations/box-plot/d3box.ts:224:22 - error TS7006: Parameter 'd' implicitly has an 'any' type.

224         .attr("dx", (d, i) =&gt; (i &amp; 1 ? 6 : -6))
                         ~

src/visualizations/box-plot/d3box.ts:224:25 - error TS7006: Parameter 'i' implicitly has an 'any' type.

224         .attr("dx", (d, i) =&gt; (i &amp; 1 ? 6 : -6))
                            ~

src/visualizations/box-plot/d3box.ts:225:21 - error TS7006: Parameter 'd' implicitly has an 'any' type.

225         .attr("x", (d, i) =&gt; (i &amp; 1 ? width : 0))
                        ~

src/visualizations/box-plot/d3box.ts:225:24 - error TS7006: Parameter 'i' implicitly has an 'any' type.

225         .attr("x", (d, i) =&gt; (i &amp; 1 ? width : 0))
                           ~

src/visualizations/box-plot/d3box.ts:227:31 - error TS7006: Parameter 'd' implicitly has an 'any' type.

227         .attr("text-anchor", (d, i) =&gt; (i &amp; 1 ? "start" : "end"))
                                  ~

src/visualizations/box-plot/d3box.ts:227:34 - error TS7006: Parameter 'i' implicitly has an 'any' type.

227         .attr("text-anchor", (d, i) =&gt; (i &amp; 1 ? "start" : "end"))
                                     ~

src/visualizations/box-plot/d3box.ts:276:5 - error TS2578: Unused '@ts-expect-error' directive.

276     // @ts-expect-error ts-migrate(2339) FIXME: Property 'flush' does not exist on type '(callback... Remove this comment to see the full error message
        ~~~~~~~~~~~~~~~~~~~~~~~~~~~~~~~~~~~~~~~~~~~~~~~~~~~~~~~~~~~~~~~~~~~~~~~~~~~~~~~~~~~~~~~~~~~~~~~~~~~~~~~~~~~~~~~~~~~~~~~~~~~~~~~~~~~~~~~~~~~~~~~~~~~

src/visualizations/box-plot/d3box.ts:306:5 - error TS2578: Unused '@ts-expect-error' directive.



src/visualizations/chart/Renderer/initChart.ts:33:5 - error TS2578: Unused '@ts-expect-error' directive.

33     // @ts-expect-error ts-migrate(7023) FIXME: 'process' implicitly has return type 'any' because... Remove this comment to see the full error message
       ~~~~~~~~~~~~~~~~~~~~~~~~~~~~~~~~~~~~~~~~~~~~~~~~~~~~~~~~~~~~~~~~~~~~~~~~~~~~~~~~~~~~~~~~~~~~~~~~~~~~~~~~~~~~~~~~~~~~~~~~~~~~~~~~~~~~~~~~~~~~~~~~~~~

src/visualizations/chart/Renderer/initChart.ts:129:7 - error TS2578: Unused '@ts-expect-error' directive.

129       // @ts-expect-error ts-migrate(2345) FIXME: Argument of type '{ dragmode: string | boolean; }'... Remove this comment to see the full error message
          ~~~~~~~~~~~~~~~~~~~~~~~~~~~~~~~~~~~~~~~~~~~~~~~~~~~~~~~~~~~~~~~~~~~~~~~~~~~~~~~~~~~~~~~~~~~~~~~~~~~~~~~~~~~~~~~~~~~~~~~~~~~~~~~~~~~~~~~~~~~~~~~~~~~

src/visualizations/chart/plotly/index.ts:1:20 - error TS7016: Could not find a declaration file for module 'plotly.js/lib/core'. '/home/marius/redash/node_modules/plotly.js/lib/core.js' implicitly has an 'any' type.
  Try `npm i --save-dev @types/plotly.js` if it exists or add a new declaration (.d.ts) file containing `declare module 'plotly.js/lib/core';`

1 import Plotly from "plotly.js/lib/core";
                     ~~~~~~~~~~~~~~~~~~~~

src/visualizations/chart/plotly/index.ts:20:1 - error TS2578: Unused '@ts-expect-error' directive.

20 // @ts-expect-error ts-migrate(2339) FIXME: Property 'register' does not exist on type 'typeof... Remove this comment to see the full error message
   ~~~~~~~~~~~~~~~~~~~~~~~~~~~~~~~~~~~~~~~~~~~~~~~~~~~~~~~~~~~~~~~~~~~~~~~~~~~~~~~~~~~~~~~~~~~~~~~~~~~~~~~~~~~~~~~~~~~~~~~~~~~~~~~~~~~~~~~~~~~~~~~~~~~

src/visualizations/chart/plotly/index.ts:22:1 - error TS2578: Unused '@ts-expect-error' directive.

22 // @ts-expect-error ts-migrate(2339) FIXME: Property 'setPlotConfig' does not exist on type 't... Remove this comment to see the full error message
   ~~~~~~~~~~~~~~~~~~~~~~~~~~~~~~~~~~~~~~~~~~~~~~~~~~~~~~~~~~~~~~~~~~~~~~~~~~~~~~~~~~~~~~~~~~~~~~~~~~~~~~~~~~~~~~~~~~~~~~~~~~~~~~~~~~~~~~~~~~~~~~~~~~~

src/visualizations/chart/plotly/preparePieData.ts:2:16 - error TS7016: Could not find a declaration file for module 'd3'. '/home/marius/redash/node_modules/d3/d3.js' implicitly has an 'any' type.
  Try `npm i --save-dev @types/d3` if it exists or add a new declaration (.d.ts) file containing `declare module 'd3';`

2 import d3 from "d3";
                 ~~~~

src/visualizations/chart/plotly/preparePieData.ts:99:3 - error TS2578: Unused '@ts-expect-error' directive.

99   // @ts-expect-error ts-migrate(2339) FIXME: Property 'scale' does not exist on type 'typeof im... Remove this comment to see the full error message
     ~~~~~~~~~~~~~~~~~~~~~~~~~~~~~~~~~~~~~~~~~~~~~~~~~~~~~~~~~~~~~~~~~~~~~~~~~~~~~~~~~~~~~~~~~~~~~~~~~~~~~~~~~~~~~~~~~~~~~~~~~~~~~~~~~~~~~~~~~~~~~~~~~~~

src/visualizations/choropleth/Editor/utils.ts:2:15 - error TS7016: Could not find a declaration file for module 'leaflet'. '/home/marius/redash/node_modules/leaflet/dist/leaflet-src.js' implicitly has an 'any' type.
  Try `npm i --save-dev @types/leaflet` if it exists or add a new declaration (.d.ts) file containing `declare module 'leaflet';`

2 import L from "leaflet";
                ~~~~~~~~~

src/visualizations/choropleth/Editor/utils.ts:21:5 - error TS2578: Unused '@ts-expect-error' directive.

21     // @ts-expect-error ts-migrate(2345) FIXME: Argument of type 'object' is not assignable to par... Remove this comment to see the full error message
       ~~~~~~~~~~~~~~~~~~~~~~~~~~~~~~~~~~~~~~~~~~~~~~~~~~~~~~~~~~~~~~~~~~~~~~~~~~~~~~~~~~~~~~~~~~~~~~~~~~~~~~~~~~~~~~~~~~~~~~~~~~~~~~~~~~~~~~~~~~~~~~~~~~~

src/visualizations/choropleth/Editor/utils.ts:26:9 - error TS2578: Unused '@ts-expect-error' directive.

26         // @ts-expect-error ts-migrate(2551) FIXME: Property '_southWest' does not exist on type 'LatL... Remove this comment to see the full error message
           ~~~~~~~~~~~~~~~~~~~~~~~~~~~~~~~~~~~~~~~~~~~~~~~~~~~~~~~~~~~~~~~~~~~~~~~~~~~~~~~~~~~~~~~~~~~~~~~~~~~~~~~~~~~~~~~~~~~~~~~~~~~~~~~~~~~~~~~~~~~~~~~~~~~

src/visualizations/choropleth/Editor/utils.ts:28:9 - error TS2578: Unused '@ts-expect-error' directive.

28         // @ts-expect-error ts-migrate(2551) FIXME: Property '_northEast' does not exist on type 'LatL... Remove this comment to see the full error message
           ~~~~~~~~~~~~~~~~~~~~~~~~~~~~~~~~~~~~~~~~~~~~~~~~~~~~~~~~~~~~~~~~~~~~~~~~~~~~~~~~~~~~~~~~~~~~~~~~~~~~~~~~~~~~~~~~~~~~~~~~~~~~~~~~~~~~~~~~~~~~~~~~~~~

src/visualizations/choropleth/Renderer/initChoropleth.tsx:4:15 - error TS7016: Could not find a declaration file for module 'leaflet'. '/home/marius/redash/node_modules/leaflet/dist/leaflet-src.js' implicitly has an 'any' type.
  Try `npm i --save-dev @types/leaflet` if it exists or add a new declaration (.d.ts) file containing `declare module 'leaflet';`

...

2 import chroma from "chroma-js";
                     ~~~~~~~~~~~

src/visualizations/map/initMap.ts:3:15 - error TS7016: Could not find a declaration file for module 'leaflet'. '/home/marius/redash/node_modules/leaflet/dist/leaflet-src.js' implicitly has an 'any' type.
  Try `npm i --save-dev @types/leaflet` if it exists or add a new declaration (.d.ts) file containing `declare module 'leaflet';`

3 import L from "leaflet";
                ~~~~~~~~~

src/visualizations/map/initMap.ts:30:1 - error TS2578: Unused '@ts-expect-error' directive.

30 // @ts-expect-error ts-migrate(2339) FIXME: Property '_getIconUrl' does not exist on type 'Def... Remove this comment to see the full error message
   ~~~~~~~~~~~~~~~~~~~~~~~~~~~~~~~~~~~~~~~~~~~~~~~~~~~~~~~~~~~~~~~~~~~~~~~~~~~~~~~~~~~~~~~~~~~~~~~~~~~~~~~~~~~~~~~~~~~~~~~~~~~~~~~~~~~~~~~~~~~~~~~~~~~

src/visualizations/map/initMap.ts:50:1 - error TS2578: Unused '@ts-expect-error' directive.

50 // @ts-expect-error ts-migrate(2339) FIXME: Property 'MarkerClusterIcon' does not exist on typ... Remove this comment to see the full error message
   ~~~~~~~~~~~~~~~~~~~~~~~~~~~~~~~~~~~~~~~~~~~~~~~~~~~~~~~~~~~~~~~~~~~~~~~~~~~~~~~~~~~~~~~~~~~~~~~~~~~~~~~~~~~~~~~~~~~~~~~~~~~~~~~~~~~~~~~~~~~~~~~~~~~

src/visualizations/map/initMap.ts:82:3 - error TS2578: Unused '@ts-expect-error' directive.

82   // @ts-expect-error ts-migrate(2339) FIXME: Property 'BeautifyIcon' does not exist on type 'ty... Remove this comment to see the full error message
     ~~~~~~~~~~~~~~~~~~~~~~~~~~~~~~~~~~~~~~~~~~~~~~~~~~~~~~~~~~~~~~~~~~~~~~~~~~~~~~~~~~~~~~~~~~~~~~~~~~~~~~~~~~~~~~~~~~~~~~~~~~~~~~~~~~~~~~~~~~~~~~~~~~~

src/visualizations/map/initMap.ts:101:3 - error TS2578: Unused '@ts-expect-error' directive.

101   // @ts-expect-error ts-migrate(2339) FIXME: Property 'markerClusterGroup' does not exist on ty... Remove this comment to see the full error message
      ~~~~~~~~~~~~~~~~~~~~~~~~~~~~~~~~~~~~~~~~~~~~~~~~~~~~~~~~~~~~~~~~~~~~~~~~~~~~~~~~~~~~~~~~~~~~~~~~~~~~~~~~~~~~~~~~~~~~~~~~~~~~~~~~~~~~~~~~~~~~~~~~~~~

src/visualizations/map/initMap.ts:104:7 - error TS2578: Unused '@ts-expect-error' directive.

104       // @ts-expect-error ts-migrate(2339) FIXME: Property 'markerClusterIcon' does not exist on typ... Remove this comment to see the full error message
          ~~~~~~~~~~~~~~~~~~~~~~~~~~~~~~~~~~~~~~~~~~~~~~~~~~~~~~~~~~~~~~~~~~~~~~~~~~~~~~~~~~~~~~~~~~~~~~~~~~~~~~~~~~~~~~~~~~~~~~~~~~~~~~~~~~~~~~~~~~~~~~~~~~~

src/visualizations/map/initMap.ts:165:5 - error TS2578: Unused '@ts-expect-error' directive.

165     // @ts-expect-error ts-migrate(2345) FIXME: Argument of type '{ center: [number, number]; zoom... Remove this comment to see the full error message
        ~~~~~~~~~~~~~~~~~~~~~~~~~~~~~~~~~~~~~~~~~~~~~~~~~~~~~~~~~~~~~~~~~~~~~~~~~~~~~~~~~~~~~~~~~~~~~~~~~~~~~~~~~~~~~~~~~~~~~~~~~~~~~~~~~~~~~~~~~~~~~~~~~~~

src/visualizations/map/initMap.ts:193:29 - error TS7006: Parameter 'layer' implicitly has an 'any' type.

193     _markerLayers.eachLayer(layer =&gt; {
                                ~~~~~

src/visualizations/map/prepareData.ts:1:16 - error TS7016: Could not find a declaration file for module 'd3'. '/home/marius/redash/node_modules/d3/d3.js' implicitly has an 'any' type.
  Try `npm i --save-dev @types/d3` if it exists or add a new declaration (.d.ts) file containing `declare module 'd3';`

1 import d3 from "d3";
                 ~~~~

src/visualizations/map/prepareData.ts:5:3 - error TS2578: Unused '@ts-expect-error' directive.

5   // @ts-expect-error ts-migrate(2339) FIXME: Property 'scale' does not exist on type 'typeof im... Remove this comment to see the full error message
    ~~~~~~~~~~~~~~~~~~~~~~~~~~~~~~~~~~~~~~~~~~~~~~~~~~~~~~~~~~~~~~~~~~~~~~~~~~~~~~~~~~~~~~~~~~~~~~~~~~~~~~~~~~~~~~~~~~~~~~~~~~~~~~~~~~~~~~~~~~~~~~~~~~~

src/visualizations/sankey/d3sankey.ts:3:16 - error TS7016: Could not find a declaration file for module 'd3'. '/home/marius/redash/node_modules/d3/d3.js' implicitly has an 'any' type.
  Try `npm i --save-dev @types/d3` if it exists or add a new declaration (.d.ts) file containing `declare module 'd3';`

3 import d3 from "d3";
                 ~~~~

src/visualizations/sankey/d3sankey.ts:119:21 - error TS7006: Parameter 'n' implicitly has an 'any' type.

119       d3.max(nodes, n =&gt; n.x),
                        ~

src/visualizations/sankey/d3sankey.ts:127:7 - error TS2578: Unused '@ts-expect-error' directive.

127       // @ts-expect-error
          ~~~~~~~~~~~~~~~~~~~

src/visualizations/sankey/d3sankey.ts:141:11 - error TS2578: Unused '@ts-expect-error' directive.

141           // @ts-expect-error ts-migrate(2532) FIXME: Object is possibly 'undefined'.
              ~~~~~~~~~~~~~~~~~~~~~~~~~~~~~~~~~~~~~~~~~~~~~~~~~~~~~~~~~~~~~~~~~~~~~~~~~~~

src/visualizations/sankey/d3sankey.ts:147:9 - error TS2578: Unused '@ts-expect-error' directive.

147         // @ts-expect-error ts-migrate(2532) FIXME: Object is possibly 'undefined'.
            ~~~~~~~~~~~~~~~~~~~~~~~~~~~~~~~~~~~~~~~~~~~~~~~~~~~~~~~~~~~~~~~~~~~~~~~~~~~

src/visualizations/sankey/initSankey.ts:19:16 - error TS7016: Could not find a declaration file for module 'd3'. '/home/marius/redash/node_modules/d3/d3.js' implicitly has an 'any' type.
  Try `npm i --save-dev @types/d3` if it exists or add a new declaration (.d.ts) file containing `declare module 'd3';`

19 import d3 from "d3";
                  ~~~~

src/visualizations/sankey/initSankey.ts:102:3 - error TS2578: Unused '@ts-expect-error' directive.

102   // @ts-expect-error ts-migrate(2339) FIXME: Property 'scale' does not exist on type 'typeof im... Remove this comment to see the full error message
      ~~~~~~~~~~~~~~~~~~~~~~~~~~~~~~~~~~~~~~~~~~~~~~~~~~~~~~~~~~~~~~~~~~~~~~~~~~~~~~~~~~~~~~~~~~~~~~~~~~~~~~~~~~~~~~~~~~~~~~~~~~~~~~~~~~~~~~~~~~~~~~~~~~~

src/visualizations/sankey/initSankey.ts:113:5 - error TS2578: Unused '@ts-expect-error' directive.

113     // @ts-expect-error ts-migrate(2339) FIXME: Property 'nest' does not exist on type 'typeof imp... Remove this comment to see the full error message
        ~~~~~~~~~~~~~~~~~~~~~~~~~~~~~~~~~~~~~~~~~~~~~~~~~~~~~~~~~~~~~~~~~~~~~~~~~~~~~~~~~~~~~~~~~~~~~~~~~~~~~~~~~~~~~~~~~~~~~~~~~~~~~~~~~~~~~~~~~~~~~~~~~~~

src/visualizations/sankey/initSankey.ts:181:3 - error TS2578: Unused '@ts-expect-error' directive.

181   // @ts-expect-error
      ~~~~~~~~~~~~~~~~~~~

src/visualizations/sankey/initSankey.ts:235:15 - error TS7006: Parameter 'l' implicitly has an 'any' type.

235       .filter(l =&gt; l.target.name !== "Exit")
                  ~

src/visualizations/sankey/initSankey.ts:238:30 - error TS7006: Parameter 'd' implicitly has an 'any' type.

238       .style("stroke-width", d =&gt; Math.max(1, d.dy))
                                 ~

src/visualizations/sankey/initSankey.ts:239:14 - error TS7006: Parameter 'a' implicitly has an 'any' type.

239       .sort((a, b) =&gt; b.dy - a.dy);
                 ~

src/visualizations/sankey/initSankey.ts:239:17 - error TS7006: Parameter 'b' implicitly has an 'any' type.

239       .sort((a, b) =&gt; b.dy - a.dy);
                    ~

src/visualizations/sankey/initSankey.ts:242:31 - error TS7006: Parameter 'd' implicitly has an 'any' type.

242     link.append("title").text(d =&gt; `${d.source.name} → ${d.target.name}\n${format(d.value)}`);
                                  ~

src/visualizations/sankey/initSankey.ts:250:15 - error TS7006: Parameter 'n' implicitly has an 'any' type.

250       .filter(n =&gt; n.name !== "Exit")
                  ~

src/visualizations/sankey/initSankey.ts:258:17 - error TS7006: Parameter 'd' implicitly has an 'any' type.

258         .filter(d =&gt; {
                    ~

src/visualizations/sankey/initSankey.ts:266:17 - error TS7006: Parameter 'l' implicitly has an 'any' type.

266         .filter(l =&gt; !(includes(currentNode.sourceLinks, l) || includes(currentNode.targetLinks, l)))
                    ~

src/visualizations/sankey/initSankey.ts:285:7 - error TS2578: Unused '@ts-expect-error' directive.

285       // @ts-expect-error
          ~~~~~~~~~~~~~~~~~~~

src/visualizations/sunburst/initSunburst.ts:5:21 - error TS7016: Could not find a declaration file for module 'd3'. '/home/marius/redash/node_modules/d3/d3.js' implicitly has an 'any' type.
  Try `npm i --save-dev @types/d3` if it exists or add a new declaration (.d.ts) file containing `declare module 'd3';`

5 import * as d3 from "d3";
                      ~~~~

src/visualizations/sunburst/initSunburst.ts:9:1 - error TS2578: Unused '@ts-expect-error' directive.

9 // @ts-expect-error ts-migrate(2339) FIXME: Property 'scale' does not exist on type 'typeof im... Remove this comment to see the full error message
  ~~~~~~~~~~~~~~~~~~~~~~~~~~~~~~~~~~~~~~~~~~~~~~~~~~~~~~~~~~~~~~~~~~~~~~~~~~~~~~~~~~~~~~~~~~~~~~~~~~~~~~~~~~~~~~~~~~~~~~~~~~~~~~~~~~~~~~~~~~~~~~~~~~~

src/visualizations/sunburst/initSunburst.ts:177:5 - error TS2578: Unused '@ts-expect-error' directive.

177     // @ts-expect-error ts-migrate(2339) FIXME: Property 'layout' does not exist on type 'typeof i... Remove this comment to see the full error message
        ~~~~~~~~~~~~~~~~~~~~~~~~~~~~~~~~~~~~~~~~~~~~~~~~~~~~~~~~~~~~~~~~~~~~~~~~~~~~~~~~~~~~~~~~~~~~~~~~~~~~~~~~~~~~~~~~~~~~~~~~~~~~~~~~~~~~~~~~~~~~~~~~~~~

src/visualizations/sunburst/initSunburst.ts:185:7 - error TS2578: Unused '@ts-expect-error' directive.

185       // @ts-expect-error ts-migrate(2339) FIXME: Property 'arc' does not exist on type '(url: strin... Remove this comment to see the full error message
          ~~~~~~~~~~~~~~~~~~~~~~~~~~~~~~~~~~~~~~~~~~~~~~~~~~~~~~~~~~~~~~~~~~~~~~~~~~~~~~~~~~~~~~~~~~~~~~~~~~~~~~~~~~~~~~~~~~~~~~~~~~~~~~~~~~~~~~~~~~~~~~~~~~~

src/visualizations/sunburst/initSunburst.ts:270:28 - error TS7006: Parameter 'd' implicitly has an 'any' type.

270       g.attr("transform", (d, i) =&gt; `translate(${i * (b.w + b.s)}, 0)`);
                               ~

src/visualizations/sunburst/initSunburst.ts:270:31 - error TS7006: Parameter 'i' implicitly has an 'any' type.

270       g.attr("transform", (d, i) =&gt; `translate(${i * (b.w + b.s)}, 0)`);
                                  ~

src/visualizations/sunburst/initSunburst.ts:305:17 - error TS7006: Parameter 'node' implicitly has an 'any' type.

305         .filter(node =&gt; ancestors.indexOf(node) &gt;= 0)
                    ~~~~

src/visualizations/sunburst/initSunburst.ts:329:9 - error TS2578: Unused '@ts-expect-error' directive.

329         // @ts-expect-error ts-migrate(2554) FIXME: Expected 1 arguments, but got 2.
            ~~~~~~~~~~~~~~~~~~~~~~~~~~~~~~~~~~~~~~~~~~~~~~~~~~~~~~~~~~~~~~~~~~~~~~~~~~~~

src/visualizations/sunburst/initSunburst.ts:374:5 - error TS2578: Unused '@ts-expect-error' directive.

374     // @ts-expect-error ts-migrate(2531) FIXME: Object is possibly 'null'.
        ~~~~~~~~~~~~~~~~~~~~~~~~~~~~~~~~~~~~~~~~~~~~~~~~~~~~~~~~~~~~~~~~~~~~~~

src/visualizations/table/Editor/ColumnsSettings.test.tsx:2:20 - error TS7016: Could not find a declaration file for module 'enzyme'. '/home/marius/redash/node_modules/enzyme/build/index.js' implicitly has an 'any' type.
  Try `npm i --save-dev @types/enzyme` if it exists or add a new declaration (.d.ts) file containing `declare module 'enzyme';`

2 import enzyme from "enzyme";
                     ~~~~~~~~

src/visualizations/table/Editor/GridSettings.test.tsx:2:20 - error TS7016: Could not find a declaration file for module 'enzyme'. '/home/marius/redash/node_modules/enzyme/build/index.js' implicitly has an 'any' type.
  Try `npm i --save-dev @types/enzyme` if it exists or add a new declaration (.d.ts) file containing `declare module 'enzyme';`

2 import enzyme from "enzyme";
                     ~~~~~~~~

src/visualizations/table/columns/boolean.test.tsx:2:20 - error TS7016: Could not find a declaration file for module 'enzyme'. '/home/marius/redash/node_modules/enzyme/build/index.js' implicitly has an 'any' type.
  Try `npm i --save-dev @types/enzyme` if it exists or add a new declaration (.d.ts) file containing `declare module 'enzyme';`

2 import enzyme from "enzyme";
                     ~~~~~~~~

src/visualizations/table/columns/datetime.test.tsx:2:20 - error TS7016: Could not find a declaration file for module 'enzyme'. '/home/marius/redash/node_modules/enzyme/build/index.js' implicitly has an 'any' type.
  Try `npm i --save-dev @types/enzyme` if it exists or add a new declaration (.d.ts) file containing `declare module 'enzyme';`

2 import enzyme from "enzyme";
                     ~~~~~~~~

src/visualizations/table/columns/image.test.tsx:2:20 - error TS7016: Could not find a declaration file for module 'enzyme'. '/home/marius/redash/node_modules/enzyme/build/index.js' implicitly has an 'any' type.
  Try `npm i --save-dev @types/enzyme` if it exists or add a new declaration (.d.ts) file containing `declare module 'enzyme';`

2 import enzyme from "enzyme";
                     ~~~~~~~~

src/visualizations/table/columns/link.test.tsx:2:20 - error TS7016: Could not find a declaration file for module 'enzyme'. '/home/marius/redash/node_modules/enzyme/build/index.js' implicitly has an 'any' type.
  Try `npm i --save-dev @types/enzyme` if it exists or add a new declaration (.d.ts) file containing `declare module 'enzyme';`

2 import enzyme from "enzyme";
                     ~~~~~~~~

src/visualizations/table/columns/number.test.tsx:2:20 - error TS7016: Could not find a declaration file for module 'enzyme'. '/home/marius/redash/node_modules/enzyme/build/index.js' implicitly has an 'any' type.
  Try `npm i --save-dev @types/enzyme` if it exists or add a new declaration (.d.ts) file containing `declare module 'enzyme';`

2 import enzyme from "enzyme";
                     ~~~~~~~~

src/visualizations/table/columns/text.test.tsx:2:20 - error TS7016: Could not find a declaration file for module 'enzyme'. '/home/marius/redash/node_modules/enzyme/build/index.js' implicitly has an 'any' type.
  Try `npm i --save-dev @types/enzyme` if it exists or add a new declaration (.d.ts) file containing `declare module 'enzyme';`

2 import enzyme from "enzyme";
                     ~~~~~~~~

src/visualizations/word-cloud/Renderer.tsx:1:16 - error TS7016: Could not find a declaration file for module 'd3'. '/home/marius/redash/node_modules/d3/d3.js' implicitly has an 'any' type.
  Try `npm i --save-dev @types/d3` if it exists or add a new declaration (.d.ts) file containing `declare module 'd3';`

1 import d3 from "d3";
                 ~~~~

src/visualizations/word-cloud/Renderer.tsx:2:19 - error TS7016: Could not find a declaration file for module 'd3-cloud'. '/home/marius/redash/node_modules/d3-cloud/build/d3.layout.cloud.js' implicitly has an 'any' type.
  Try `npm i --save-dev @types/d3-cloud` if it exists or add a new declaration (.d.ts) file containing `declare module 'd3-cloud';`

2 import cloud from "d3-cloud";
                    ~~~~~~~~~~

src/visualizations/word-cloud/Renderer.tsx:71:3 - error TS2578: Unused '@ts-expect-error' directive.

71   // @ts-expect-error ts-migrate(2339) FIXME: Property 'scale' does not exist on type 'typeof im... Remove this comment to see the full error message
     ~~~~~~~~~~~~~~~~~~~~~~~~~~~~~~~~~~~~~~~~~~~~~~~~~~~~~~~~~~~~~~~~~~~~~~~~~~~~~~~~~~~~~~~~~~~~~~~~~~~~~~~~~~~~~~~~~~~~~~~~~~~~~~~~~~~~~~~~~~~~~~~~~~~

src/visualizations/word-cloud/Renderer.tsx:76:3 - error TS2578: Unused '@ts-expect-error' directive.

76   // @ts-expect-error ts-migrate(2339) FIXME: Property 'scale' does not exist on type 'typeof im... Remove this comment to see the full error message
     ~~~~~~~~~~~~~~~~~~~~~~~~~~~~~~~~~~~~~~~~~~~~~~~~~~~~~~~~~~~~~~~~~~~~~~~~~~~~~~~~~~~~~~~~~~~~~~~~~~~~~~~~~~~~~~~~~~~~~~~~~~~~~~~~~~~~~~~~~~~~~~~~~~~

src/visualizations/word-cloud/Renderer.tsx:107:5 - error TS2578: Unused '@ts-expect-error' directive.

107     // @ts-expect-error ts-migrate(2769) FIXME: No overload matches this call.
        ~~~~~~~~~~~~~~~~~~~~~~~~~~~~~~~~~~~~~~~~~~~~~~~~~~~~~~~~~~~~~~~~~~~~~~~~~~

src/visualizations/word-cloud/Renderer.tsx:116:17 - error TS7006: Parameter 'd' implicitly has an 'any' type.

116       .fontSize(d =&gt; d.size)
                    ~

src/visualizations/word-cloud/Renderer.tsx:152:3 - error TS2578: Unused '@ts-expect-error' directive.

152   // @ts-expect-error ts-migrate(2345) FIXME: Argument of type '() =&gt; () =&gt; layout.Cloud&lt;cloud.W... Remove this comment to see the full error message
      ~~~~~~~~~~~~~~~~~~~~~~~~~~~~~~~~~~~~~~~~~~~~~~~~~~~~~~~~~~~~~~~~~~~~~~~~~~~~~~~~~~~~~~~~~~~~~~~~~~~~~~~~~~~~~~~~~~~~~~~~~~~~~~~~~~~~~~~~~~~~~~~~~~~

src/visualizations/word-cloud/Renderer.tsx:159:5 - error TS2578: Unused '@ts-expect-error' directive.

159     // @ts-expect-error ts-migrate(2769) FIXME: No overload matches this call.
        ~~~~~~~~~~~~~~~~~~~~~~~~~~~~~~~~~~~~~~~~~~~~~~~~~~~~~~~~~~~~~~~~~~~~~~~~~~


Found 131 errors.

npm ERR! code ELIFECYCLE
npm ERR! errno 2
npm ERR! @redash/viz@1.0.0 type-gen: `tsc --emitDeclarationOnly`
npm ERR! Exit status 2
npm ERR!
npm ERR! Failed at the @redash/viz@1.0.0 type-gen script.
npm ERR! This is probably not a problem with npm. There is likely additional logging output above.

npm ERR! A complete log of this run can be found in:
npm ERR!     /home/marius/.npm/_logs/2021-05-13T14_23_49_435Z-debug.log
npm ERR! code ELIFECYCLE
npm ERR! errno 2
npm ERR! @redash/viz@1.0.0 build:babel: `npm run type-gen &amp;&amp; npm run build:babel:base`
npm ERR! Exit status 2
npm ERR!
npm ERR! Failed at the @redash/viz@1.0.0 build:babel script.
npm ERR! This is probably not a problem with npm. There is likely additional logging output above.

npm ERR! A complete log of this run can be found in:
npm ERR!     /home/marius/.npm/_logs/2021-05-13T14_23_49_449Z-debug.log
npm ERR! code ELIFECYCLE
npm ERR! errno 2
npm ERR! redash-client@9.0.0-beta build:viz: `(cd viz-lib &amp;&amp; npm run build:babel)`
npm ERR! Exit status 2
npm ERR!
npm ERR! Failed at the redash-client@9.0.0-beta build:viz script.
npm ERR! This is probably not a problem with npm. There is likely additional logging output above.

npm ERR! A complete log of this run can be found in:
npm ERR!     /home/marius/.npm/_logs/2021-05-13T14_23_49_467Z-debug.log
npm ERR! code ELIFECYCLE
npm ERR! errno 2
npm ERR! redash-client@9.0.0-beta build: `npm run clean &amp;&amp; npm run build:viz &amp;&amp; NODE_ENV=production webpack`
npm ERR! Exit status 2
npm ERR!
npm ERR! Failed at the redash-client@9.0.0-beta build script.
npm ERR! This is probably not a problem with npm. There is likely additional logging output above.
</code></pre>
</details>
            </div>

            <div itemprop="interactionStatistic" itemscope itemtype="http://schema.org/InteractionCounter">
              <meta itemprop="interactionType" content="http://schema.org/LikeAction"/>
              <meta itemprop="userInteractionCount" content="0" />
              <span class='post-likes'></span>
            </div>

            <div itemprop="interactionStatistic" itemscope itemtype="http://schema.org/InteractionCounter">
                <meta itemprop="interactionType" content="http://schema.org/CommentAction"/>
                <meta itemprop="userInteractionCount" content="0" />
              </div>

          </div>
          <div id='post_2' itemprop='comment' itemscope itemtype='http://schema.org/Comment' class='topic-body crawler-post'>
            <div class='crawler-post-meta'>
              <span class="creator" itemprop="author" itemscope itemtype="http://schema.org/Person">
                <a itemprop="url" href='https://discuss.redash.io/u/dezhi'><span itemprop='name'>dezhi</span></a>
                
              </span>

              <link itemprop="mainEntityOfPage" href="https://discuss.redash.io/t/redash-build-errors-on-npm-frontend/8437">


              <span class="crawler-post-infos">
                  <time itemprop='datePublished' datetime='2021-10-28T03:47:55Z' class='post-time'>
                    October 28, 2021,  3:47am
                  </time>
                  <meta itemprop='dateModified' content='2021-10-28T03:47:55Z'>
              <span itemprop='position'>2</span>
              </span>
            </div>
            <div class='post' itemprop='text'>
              <p>iI’v got the same issue, any solution?</p>
            </div>

            <div itemprop="interactionStatistic" itemscope itemtype="http://schema.org/InteractionCounter">
              <meta itemprop="interactionType" content="http://schema.org/LikeAction"/>
              <meta itemprop="userInteractionCount" content="0" />
              <span class='post-likes'></span>
            </div>

            <div itemprop="interactionStatistic" itemscope itemtype="http://schema.org/InteractionCounter">
                <meta itemprop="interactionType" content="http://schema.org/CommentAction"/>
                <meta itemprop="userInteractionCount" content="0" />
              </div>

          </div>
    </div>






    </div>
    <footer class="container wrap">
  <nav class='crawler-nav'>
    <ul>
      <li itemscope itemtype='http://schema.org/SiteNavigationElement'>
        <span itemprop='name'>
          <a href='/' itemprop="url">Home </a>
        </span>
      </li>
      <li itemscope itemtype='http://schema.org/SiteNavigationElement'>
        <span itemprop='name'>
          <a href='/categories' itemprop="url">Categories </a>
        </span>
      </li>
      <li itemscope itemtype='http://schema.org/SiteNavigationElement'>
        <span itemprop='name'>
          <a href='/guidelines' itemprop="url">FAQ/Guidelines </a>
        </span>
      </li>
        <li itemscope itemtype='http://schema.org/SiteNavigationElement'>
          <span itemprop='name'>
            <a href='http://redash.io/terms.html' itemprop="url">Terms of Service </a>
          </span>
        </li>
        <li itemscope itemtype='http://schema.org/SiteNavigationElement'>
          <span itemprop='name'>
            <a href='http://redash.io/privacy.html' itemprop="url">Privacy Policy </a>
          </span>
        </li>
    </ul>
  </nav>
  <p class='powered-by-link'>Powered by <a href="https://www.discourse.org">Discourse</a>, best viewed with JavaScript enabled</p>
</footer>

    
    
  </body>
  
</html>
