<?xml version="1.0" encoding="UTF-8" ?>
<rss version="2.0" xmlns:atom="http://www.w3.org/2005/Atom" xmlns:dc="http://purl.org/dc/elements/1.1/">
  <channel>
    <title>Npm install is failing while running redash [macOSX]</title>
    <link>https://discuss.redash.io/t/npm-install-is-failing-while-running-redash-macosx/7562</link>
    <description>### Issue Summary

Im facing `npm install` issue while trying to setup redash locally on macOS. getting this error

```npm WARN ERESOLVE overriding peer dependency
npm WARN Found: leaflet@1.7.1
npm WARN node_modules/leaflet
npm WARN   leaflet@&quot;^1.2.0&quot; from @redash/viz@0.1.1
npm WARN   viz-lib
npm WARN
npm WARN Could not resolve dependency:
npm WARN peer leaflet@&quot;~1.3.1&quot; from leaflet.markercluster@1.4.1
npm WARN node_modules/leaflet.markercluster
npm WARN   leaflet.markercluster@&quot;^1.1.0&quot; from @redash/viz@0.1.1
npm WARN   viz-lib
npm WARN deprecated os-homedir@2.0.0: This is not needed anymore. Use `require(&#39;os&#39;).homedir()` instead.
npm WARN deprecated sortablejs@1.12.0: Object.assign was not transformed during the build of sortablejs, so it won&#39;t work in browsers where this does not exist (for example IE11). Please downgrade your version to 1.10.2 to keep supporting &lt;=IE11 or upgrade to &gt;2.0 where IE will no longer be supported.
npm WARN deprecated bfj-node4@5.3.1: Switch to the `bfj` package for fixes and new features!
npm WARN deprecated chokidar@2.1.8: Chokidar 2 will break on node v14+. Upgrade to chokidar 3 with 15x less dependencies.
npm WARN deprecated urix@0.1.0: Please see https://github.com/lydell/urix#deprecated
npm WARN deprecated resolve-url@0.2.1: https://github.com/lydell/resolve-url#deprecated
npm WARN deprecated browserslist@1.7.7: Browserslist 2 could fail on reading Browserslist &gt;3.0 config used in other tools.
npm WARN deprecated request-promise@4.2.6: request-promise has been deprecated because it extends the now deprecated request package, see https://github.com/request/request/issues/3142
npm WARN deprecated jssha@2.4.2: jsSHA versions &lt; 3.0.0 will no longer receive feature updates
npm WARN deprecated request-promise-native@1.0.9: request-promise-native has been deprecated because it extends the now deprecated request package, see https://github.com/request/request/issues/3142
npm WARN deprecated left-pad@1.3.0: use String.prototype.padStart()
npm WARN deprecated mdn-browser-compat-data@1.1.2: mdn-browser-compat-data is deprecated. Upgrade to @mdn/browser-compat-data. Learn more: https://github.com/mdn/browser-compat-data/blob/v1.1.2/UPGRADE-2.0.x.md
npm WARN deprecated har-validator@5.1.5: this library is no longer supported
npm WARN deprecated browserslist@1.7.7: Browserslist 2 could fail on reading Browserslist &gt;3.0 config used in other tools.
npm WARN deprecated browserslist@1.7.7: Browserslist 2 could fail on reading Browserslist &gt;3.0 config used in other tools.
npm WARN deprecated core-js@2.6.11: core-js@&lt;3 is no longer maintained and not recommended for usage due to the number of issues. Please, upgrade your dependencies to the actual version of core-js@3.
npm WARN deprecated chokidar@2.1.8: Chokidar 2 will break on node v14+. Upgrade to chokidar 3 with 15x less dependencies.
npm WARN deprecated chokidar@2.1.8: Chokidar 2 will break on node v14+. Upgrade to chokidar 3 with 15x less dependencies.
npm WARN deprecated chokidar@2.1.8: Chokidar 2 will break on node v14+. Upgrade to chokidar 3 with 15x less dependencies.
npm WARN deprecated chokidar@2.1.8: Chokidar 2 will break on node v14+. Upgrade to chokidar 3 with 15x less dependencies.
npm WARN deprecated tough-cookie@0.12.1: ReDoS vulnerability parsing Set-Cookie https://nodesecurity.io/advisories/130
npm WARN deprecated request@2.88.2: request has been deprecated, see https://github.com/request/request/issues/3142
npm WARN deprecated fsevents@1.2.13: fsevents 1 will break on node v14+ and could be using insecure binaries. Upgrade to fsevents 2.
npm WARN deprecated eslint-loader@3.0.4: This loader has been deprecated. Please use eslint-webpack-plugin
npm ERR! code 1
npm ERR! git dep preparation failed
npm ERR! command /usr/local/Cellar/node/15.2.0/bin/node /usr/local/lib/node_modules/npm/bin/npm-cli.js install --cache=/Users/k0g0587/.npm/_cacache --prefer-offline=false --prefer-online=false --offline=false --no-progress --no-save --no-audit
npm ERR! &gt; sql-formatter@2.3.3 prepublish
npm ERR! &gt; npm run clean &amp;&amp; npm run check &amp;&amp; npm run build
npm ERR!
npm ERR!
npm ERR! &gt; sql-formatter@2.3.3 clean
npm ERR! &gt; rimraf lib dist
npm ERR!
npm ERR!
npm ERR! &gt; sql-formatter@2.3.3 check
npm ERR! &gt; npm run lint &amp;&amp; npm run test
npm ERR!
npm ERR!
npm ERR! &gt; sql-formatter@2.3.3 lint
npm ERR! &gt; eslint .
npm ERR!
npm ERR!
npm ERR! /Users/k0g0587/.npm/_cacache/tmp/git-clone-f4e329c0/src/core/Tokenizer.js
npm ERR!   78:23  error  Unnecessary escape character: \{  no-useless-escape
npm ERR!   78:25  error  Unnecessary escape character: \{  no-useless-escape
npm ERR!   78:32  error  Unnecessary escape character: \}  no-useless-escape
npm ERR!   78:34  error  Unnecessary escape character: \}  no-useless-escape
npm ERR!
npm ERR! ✖ 4 problems (4 errors, 0 warnings)
npm ERR! (node:27191) Warning: Accessing non-existent property &#39;cat&#39; of module exports inside circular dependency
npm ERR! (Use `node --trace-warnings ...` to show where the warning was created)
npm ERR! (node:27191) Warning: Accessing non-existent property &#39;cd&#39; of module exports inside circular dependency
npm ERR! (node:27191) Warning: Accessing non-existent property &#39;chmod&#39; of module exports inside circular dependency
npm ERR! (node:27191) Warning: Accessing non-existent property &#39;cp&#39; of module exports inside circular dependency
npm ERR! (node:27191) Warning: Accessing non-existent property &#39;dirs&#39; of module exports inside circular dependency
npm ERR! (node:27191) Warning: Accessing non-existent property &#39;pushd&#39; of module exports inside circular dependency
npm ERR! (node:27191) Warning: Accessing non-existent property &#39;popd&#39; of module exports inside circular dependency
npm ERR! (node:27191) Warning: Accessing non-existent property &#39;echo&#39; of module exports inside circular dependency
npm ERR! (node:27191) Warning: Accessing non-existent property &#39;tempdir&#39; of module exports inside circular dependency
npm ERR! (node:27191) Warning: Accessing non-existent property &#39;pwd&#39; of module exports inside circular dependency
npm ERR! (node:27191) Warning: Accessing non-existent property &#39;exec&#39; of module exports inside circular dependency
npm ERR! (node:27191) Warning: Accessing non-existent property &#39;ls&#39; of module exports inside circular dependency
npm ERR! (node:27191) Warning: Accessing non-existent property &#39;find&#39; of module exports inside circular dependency
npm ERR! (node:27191) Warning: Accessing non-existent property &#39;grep&#39; of module exports inside circular dependency
npm ERR! (node:27191) Warning: Accessing non-existent property &#39;head&#39; of module exports inside circular dependency
npm ERR! (node:27191) Warning: Accessing non-existent property &#39;ln&#39; of module exports inside circular dependency
npm ERR! (node:27191) Warning: Accessing non-existent property &#39;mkdir&#39; of module exports inside circular dependency
npm ERR! (node:27191) Warning: Accessing non-existent property &#39;rm&#39; of module exports inside circular dependency
npm ERR! (node:27191) Warning: Accessing non-existent property &#39;mv&#39; of module exports inside circular dependency
npm ERR! (node:27191) Warning: Accessing non-existent property &#39;sed&#39; of module exports inside circular dependency
npm ERR! (node:27191) Warning: Accessing non-existent property &#39;set&#39; of module exports inside circular dependency
npm ERR! (node:27191) Warning: Accessing non-existent property &#39;sort&#39; of module exports inside circular dependency
npm ERR! (node:27191) Warning: Accessing non-existent property &#39;tail&#39; of module exports inside circular dependency
npm ERR! (node:27191) Warning: Accessing non-existent property &#39;test&#39; of module exports inside circular dependency
npm ERR! (node:27191) Warning: Accessing non-existent property &#39;to&#39; of module exports inside circular dependency
npm ERR! (node:27191) Warning: Accessing non-existent property &#39;toEnd&#39; of module exports inside circular dependency
npm ERR! (node:27191) Warning: Accessing non-existent property &#39;touch&#39; of module exports inside circular dependency
npm ERR! (node:27191) Warning: Accessing non-existent property &#39;uniq&#39; of module exports inside circular dependency
npm ERR! (node:27191) Warning: Accessing non-existent property &#39;which&#39; of module exports inside circular dependency
npm ERR! npm ERR! code 1
npm ERR! npm ERR! path /Users/k0g0587/.npm/_cacache/tmp/git-clone-f4e329c0
npm ERR! npm ERR! command failed
npm ERR! npm ERR! command sh -c eslint .
npm ERR!
npm ERR! npm ERR! A complete log of this run can be found in:
npm ERR! npm ERR!     /Users/k0g0587/.npm/_cacache/_logs/2020-11-14T09_37_00_411Z-debug.log
npm ERR! npm ERR! code 1
npm ERR! npm ERR! path /Users/k0g0587/.npm/_cacache/tmp/git-clone-f4e329c0
npm ERR! npm ERR! command failed
npm ERR! npm ERR! command sh -c npm run lint &amp;&amp; npm run test
npm ERR!
npm ERR! npm ERR! A complete log of this run can be found in:
npm ERR! npm ERR!     /Users/k0g0587/.npm/_cacache/_logs/2020-11-14T09_37_00_455Z-debug.log
npm ERR! npm ERR! code 1
npm ERR! npm ERR! path /Users/k0g0587/.npm/_cacache/tmp/git-clone-f4e329c0
npm ERR! npm ERR! command failed
npm ERR! npm ERR! command sh -c npm run clean &amp;&amp; npm run check &amp;&amp; npm run build
npm ERR!
npm ERR! npm ERR! A complete log of this run can be found in:
npm ERR! npm ERR!     /Users/k0g0587/.npm/_cacache/_logs/2020-11-14T09_37_00_511Z-debug.log

npm ERR! A complete log of this run can be found in:```


### Technical details:

* Redash Version: latest git repo master
* Browser/OS: mac
* How did you install Redash: manual install</description>
    
    <lastBuildDate>Mon, 11 Jul 2022 16:14:47 +0000</lastBuildDate>
    <category>Self Hosted Redash Support</category>
    <atom:link href="https://discuss.redash.io/t/npm-install-is-failing-while-running-redash-macosx/7562.rss" rel="self" type="application/rss+xml" />
      <item>
        <title>Npm install is failing while running redash [macOSX]</title>
        <dc:creator><![CDATA[jesse]]></dc:creator>
        <description><![CDATA[
            <p>It’s possible. Eventually we’ll need to pay off our technical debt and upgrade to <code>yarn@3</code>. But it’s acceptable that pinning to 1.22 solves the immediate issue.</p>
          <p><a href="https://discuss.redash.io/t/npm-install-is-failing-while-running-redash-macosx/7562/14">Read full topic</a></p>
        ]]></description>
        <link>https://discuss.redash.io/t/npm-install-is-failing-while-running-redash-macosx/7562/14</link>
        <pubDate>Mon, 11 Jul 2022 16:14:47 +0000</pubDate>
        <guid isPermaLink="false">discuss.redash.io-post-7562-14</guid>
        <source url="https://discuss.redash.io/t/npm-install-is-failing-while-running-redash-macosx/7562.rss">Npm install is failing while running redash [macOSX]</source>
      </item>
      <item>
        <title>Npm install is failing while running redash [macOSX]</title>
        <dc:creator><![CDATA[deed02392]]></dc:creator>
        <description><![CDATA[
            <p>I think it was because I was using yarn 3 and not the recommended yarn 1.22. I guess 3 enforces these lint checks whereas 1.22 does not?</p>
          <p><a href="https://discuss.redash.io/t/npm-install-is-failing-while-running-redash-macosx/7562/13">Read full topic</a></p>
        ]]></description>
        <link>https://discuss.redash.io/t/npm-install-is-failing-while-running-redash-macosx/7562/13</link>
        <pubDate>Mon, 11 Jul 2022 16:04:12 +0000</pubDate>
        <guid isPermaLink="false">discuss.redash.io-post-7562-13</guid>
        <source url="https://discuss.redash.io/t/npm-install-is-failing-while-running-redash-macosx/7562.rss">Npm install is failing while running redash [macOSX]</source>
      </item>
      <item>
        <title>Npm install is failing while running redash [macOSX]</title>
        <dc:creator><![CDATA[jesse]]></dc:creator>
        <description><![CDATA[
            <p>Thanks for isolating the cause! It’s odd that this doesn’t seem to effect everyone, though. For example: I regularly go through the devloop on macos and have never had this issue using the current lockfile or its predecessors. Any idea why it would succeed for some but not others?</p>
          <p><a href="https://discuss.redash.io/t/npm-install-is-failing-while-running-redash-macosx/7562/12">Read full topic</a></p>
        ]]></description>
        <link>https://discuss.redash.io/t/npm-install-is-failing-while-running-redash-macosx/7562/12</link>
        <pubDate>Thu, 09 Jun 2022 21:47:00 +0000</pubDate>
        <guid isPermaLink="false">discuss.redash.io-post-7562-12</guid>
        <source url="https://discuss.redash.io/t/npm-install-is-failing-while-running-redash-macosx/7562.rss">Npm install is failing while running redash [macOSX]</source>
      </item>
      <item>
        <title>Npm install is failing while running redash [macOSX]</title>
        <dc:creator><![CDATA[deed02392]]></dc:creator>
        <description><![CDATA[
            <p>I think the issue is the yarn.lock file has a broken package, specifically the get-redash fork of sql-formatter fails its eslint check, which aborts the yarn install. Ideally the yarn lockfile should be updated to the latest packages we want to actually be using.</p>
          <p><a href="https://discuss.redash.io/t/npm-install-is-failing-while-running-redash-macosx/7562/11">Read full topic</a></p>
        ]]></description>
        <link>https://discuss.redash.io/t/npm-install-is-failing-while-running-redash-macosx/7562/11</link>
        <pubDate>Thu, 09 Jun 2022 10:32:04 +0000</pubDate>
        <guid isPermaLink="false">discuss.redash.io-post-7562-11</guid>
        <source url="https://discuss.redash.io/t/npm-install-is-failing-while-running-redash-macosx/7562.rss">Npm install is failing while running redash [macOSX]</source>
      </item>
      <item>
        <title>Npm install is failing while running redash [macOSX]</title>
        <dc:creator><![CDATA[Gino]]></dc:creator>
        <description><![CDATA[
            <p>I was running into the same thing on Linux, but when I run <code>npm install</code> while in bash then it works.</p>
          <p><a href="https://discuss.redash.io/t/npm-install-is-failing-while-running-redash-macosx/7562/10">Read full topic</a></p>
        ]]></description>
        <link>https://discuss.redash.io/t/npm-install-is-failing-while-running-redash-macosx/7562/10</link>
        <pubDate>Sat, 03 Jul 2021 00:26:35 +0000</pubDate>
        <guid isPermaLink="false">discuss.redash.io-post-7562-10</guid>
        <source url="https://discuss.redash.io/t/npm-install-is-failing-while-running-redash-macosx/7562.rss">Npm install is failing while running redash [macOSX]</source>
      </item>
      <item>
        <title>Npm install is failing while running redash [macOSX]</title>
        <dc:creator><![CDATA[ankrgyl]]></dc:creator>
        <description><![CDATA[
            <p>Has anyone solved this? Can confirm it’s still reproducing on OS X (Big Sur)</p>
          <p><a href="https://discuss.redash.io/t/npm-install-is-failing-while-running-redash-macosx/7562/9">Read full topic</a></p>
        ]]></description>
        <link>https://discuss.redash.io/t/npm-install-is-failing-while-running-redash-macosx/7562/9</link>
        <pubDate>Sat, 01 May 2021 18:01:50 +0000</pubDate>
        <guid isPermaLink="false">discuss.redash.io-post-7562-9</guid>
        <source url="https://discuss.redash.io/t/npm-install-is-failing-while-running-redash-macosx/7562.rss">Npm install is failing while running redash [macOSX]</source>
      </item>
      <item>
        <title>Npm install is failing while running redash [macOSX]</title>
        <dc:creator><![CDATA[k4s1m]]></dc:creator>
        <description><![CDATA[
            <p>I realized looking into this that I’ve misunderstood the problem. Even when running with Docker I still run <code>node install</code> using a local copy of Node.</p>
          <p><a href="https://discuss.redash.io/t/npm-install-is-failing-while-running-redash-macosx/7562/8">Read full topic</a></p>
        ]]></description>
        <link>https://discuss.redash.io/t/npm-install-is-failing-while-running-redash-macosx/7562/8</link>
        <pubDate>Wed, 31 Mar 2021 21:55:28 +0000</pubDate>
        <guid isPermaLink="false">discuss.redash.io-post-7562-8</guid>
        <source url="https://discuss.redash.io/t/npm-install-is-failing-while-running-redash-macosx/7562.rss">Npm install is failing while running redash [macOSX]</source>
      </item>
      <item>
        <title>Npm install is failing while running redash [macOSX]</title>
        <dc:creator><![CDATA[k4s1m]]></dc:creator>
        <description><![CDATA[
            <p>Can you share details of how you’re installing Redash?</p>
<p>Version of Redash:<br>
Version of Node:<br>
Stack trace of the failure:</p>
          <p><a href="https://discuss.redash.io/t/npm-install-is-failing-while-running-redash-macosx/7562/7">Read full topic</a></p>
        ]]></description>
        <link>https://discuss.redash.io/t/npm-install-is-failing-while-running-redash-macosx/7562/7</link>
        <pubDate>Wed, 31 Mar 2021 21:53:14 +0000</pubDate>
        <guid isPermaLink="false">discuss.redash.io-post-7562-7</guid>
        <source url="https://discuss.redash.io/t/npm-install-is-failing-while-running-redash-macosx/7562.rss">Npm install is failing while running redash [macOSX]</source>
      </item>
      <item>
        <title>Npm install is failing while running redash [macOSX]</title>
        <dc:creator><![CDATA[ysfbsf]]></dc:creator>
        <description><![CDATA[
            <p>Did someone managed to fix that issue? I’m getting the same problem on Linux.</p>
          <p><a href="https://discuss.redash.io/t/npm-install-is-failing-while-running-redash-macosx/7562/6">Read full topic</a></p>
        ]]></description>
        <link>https://discuss.redash.io/t/npm-install-is-failing-while-running-redash-macosx/7562/6</link>
        <pubDate>Wed, 31 Mar 2021 16:31:08 +0000</pubDate>
        <guid isPermaLink="false">discuss.redash.io-post-7562-6</guid>
        <source url="https://discuss.redash.io/t/npm-install-is-failing-while-running-redash-macosx/7562.rss">Npm install is failing while running redash [macOSX]</source>
      </item>
      <item>
        <title>Npm install is failing while running redash [macOSX]</title>
        <dc:creator><![CDATA[mianbizhe]]></dc:creator>
        <description><![CDATA[
            <p>I encountered the same problem on MAC Big Sur 11.2.2 (20D80)</p>
          <p><a href="https://discuss.redash.io/t/npm-install-is-failing-while-running-redash-macosx/7562/5">Read full topic</a></p>
        ]]></description>
        <link>https://discuss.redash.io/t/npm-install-is-failing-while-running-redash-macosx/7562/5</link>
        <pubDate>Wed, 03 Mar 2021 18:06:15 +0000</pubDate>
        <guid isPermaLink="false">discuss.redash.io-post-7562-5</guid>
        <source url="https://discuss.redash.io/t/npm-install-is-failing-while-running-redash-macosx/7562.rss">Npm install is failing while running redash [macOSX]</source>
      </item>
      <item>
        <title>Npm install is failing while running redash [macOSX]</title>
        <dc:creator><![CDATA[k4s1m]]></dc:creator>
        <description><![CDATA[
            <p>I do my development on MacOS with Docker so don’t have much to add here. I’d double check you’re using compatible versions of Node and NPM. Seems like a dependency that might no be supported either by your version of the tools or by the OS itself. This used to be the case with the docs repo also. It relied on <code>fsevents</code> which didn’t work on MacOS for a time.</p>
          <p><a href="https://discuss.redash.io/t/npm-install-is-failing-while-running-redash-macosx/7562/4">Read full topic</a></p>
        ]]></description>
        <link>https://discuss.redash.io/t/npm-install-is-failing-while-running-redash-macosx/7562/4</link>
        <pubDate>Tue, 24 Nov 2020 18:35:49 +0000</pubDate>
        <guid isPermaLink="false">discuss.redash.io-post-7562-4</guid>
        <source url="https://discuss.redash.io/t/npm-install-is-failing-while-running-redash-macosx/7562.rss">Npm install is failing while running redash [macOSX]</source>
      </item>
      <item>
        <title>Npm install is failing while running redash [macOSX]</title>
        <dc:creator><![CDATA[keshav]]></dc:creator>
        <description><![CDATA[
            <p>I have checked out the code and following these steps<br>
</p><aside class="onebox allowlistedgeneric">
  <header class="source">
      <img src="https://redash.io/assets/images/favicon.ico" class="site-icon" width="16" height="16">
      <a href="https://redash.io/help/open-source/dev-guide/setup/" target="_blank" rel="noopener nofollow ugc">redash.io</a>
  </header>
  <article class="onebox-body">
    <div class="aspect-image" style="--aspect-ratio:132/69;"><img src="https://redash.io/assets/images/social-facebook-1200x630.png" class="thumbnail" width="132" height="69"></div>

<h3><a href="https://redash.io/help/open-source/dev-guide/setup/" target="_blank" rel="noopener nofollow ugc">Developer Installation Guide</a></h3>



  </article>
  <div class="onebox-metadata">
    
    
  </div>
  <div style="clear: both"></div>
</aside>
<br>
Not running via docker.
          <p><a href="https://discuss.redash.io/t/npm-install-is-failing-while-running-redash-macosx/7562/3">Read full topic</a></p>
        ]]></description>
        <link>https://discuss.redash.io/t/npm-install-is-failing-while-running-redash-macosx/7562/3</link>
        <pubDate>Tue, 17 Nov 2020 17:08:01 +0000</pubDate>
        <guid isPermaLink="false">discuss.redash.io-post-7562-3</guid>
        <source url="https://discuss.redash.io/t/npm-install-is-failing-while-running-redash-macosx/7562.rss">Npm install is failing while running redash [macOSX]</source>
      </item>
      <item>
        <title>Npm install is failing while running redash [macOSX]</title>
        <dc:creator><![CDATA[k4s1m]]></dc:creator>
        <description><![CDATA[
            <p>Are you using Docker?</p>
          <p><a href="https://discuss.redash.io/t/npm-install-is-failing-while-running-redash-macosx/7562/2">Read full topic</a></p>
        ]]></description>
        <link>https://discuss.redash.io/t/npm-install-is-failing-while-running-redash-macosx/7562/2</link>
        <pubDate>Tue, 17 Nov 2020 15:03:52 +0000</pubDate>
        <guid isPermaLink="false">discuss.redash.io-post-7562-2</guid>
        <source url="https://discuss.redash.io/t/npm-install-is-failing-while-running-redash-macosx/7562.rss">Npm install is failing while running redash [macOSX]</source>
      </item>
      <item>
        <title>Npm install is failing while running redash [macOSX]</title>
        <dc:creator><![CDATA[keshav]]></dc:creator>
        <description><![CDATA[
            <h3>Issue Summary</h3>
<p>Im facing <code>npm install</code> issue while trying to setup redash locally on macOS. getting this error</p>
<pre><code class="lang-auto">npm WARN Found: leaflet@1.7.1
npm WARN node_modules/leaflet
npm WARN   leaflet@"^1.2.0" from @redash/viz@0.1.1
npm WARN   viz-lib
npm WARN
npm WARN Could not resolve dependency:
npm WARN peer leaflet@"~1.3.1" from leaflet.markercluster@1.4.1
npm WARN node_modules/leaflet.markercluster
npm WARN   leaflet.markercluster@"^1.1.0" from @redash/viz@0.1.1
npm WARN   viz-lib
npm WARN deprecated os-homedir@2.0.0: This is not needed anymore. Use `require('os').homedir()` instead.
npm WARN deprecated sortablejs@1.12.0: Object.assign was not transformed during the build of sortablejs, so it won't work in browsers where this does not exist (for example IE11). Please downgrade your version to 1.10.2 to keep supporting &lt;=IE11 or upgrade to &gt;2.0 where IE will no longer be supported.
npm WARN deprecated bfj-node4@5.3.1: Switch to the `bfj` package for fixes and new features!
npm WARN deprecated chokidar@2.1.8: Chokidar 2 will break on node v14+. Upgrade to chokidar 3 with 15x less dependencies.
npm WARN deprecated urix@0.1.0: Please see https://github.com/lydell/urix#deprecated
npm WARN deprecated resolve-url@0.2.1: https://github.com/lydell/resolve-url#deprecated
npm WARN deprecated browserslist@1.7.7: Browserslist 2 could fail on reading Browserslist &gt;3.0 config used in other tools.
npm WARN deprecated request-promise@4.2.6: request-promise has been deprecated because it extends the now deprecated request package, see https://github.com/request/request/issues/3142
npm WARN deprecated jssha@2.4.2: jsSHA versions &lt; 3.0.0 will no longer receive feature updates
npm WARN deprecated request-promise-native@1.0.9: request-promise-native has been deprecated because it extends the now deprecated request package, see https://github.com/request/request/issues/3142
npm WARN deprecated left-pad@1.3.0: use String.prototype.padStart()
npm WARN deprecated mdn-browser-compat-data@1.1.2: mdn-browser-compat-data is deprecated. Upgrade to @mdn/browser-compat-data. Learn more: https://github.com/mdn/browser-compat-data/blob/v1.1.2/UPGRADE-2.0.x.md
npm WARN deprecated har-validator@5.1.5: this library is no longer supported
npm WARN deprecated browserslist@1.7.7: Browserslist 2 could fail on reading Browserslist &gt;3.0 config used in other tools.
npm WARN deprecated browserslist@1.7.7: Browserslist 2 could fail on reading Browserslist &gt;3.0 config used in other tools.
npm WARN deprecated core-js@2.6.11: core-js@&lt;3 is no longer maintained and not recommended for usage due to the number of issues. Please, upgrade your dependencies to the actual version of core-js@3.
npm WARN deprecated chokidar@2.1.8: Chokidar 2 will break on node v14+. Upgrade to chokidar 3 with 15x less dependencies.
npm WARN deprecated chokidar@2.1.8: Chokidar 2 will break on node v14+. Upgrade to chokidar 3 with 15x less dependencies.
npm WARN deprecated chokidar@2.1.8: Chokidar 2 will break on node v14+. Upgrade to chokidar 3 with 15x less dependencies.
npm WARN deprecated chokidar@2.1.8: Chokidar 2 will break on node v14+. Upgrade to chokidar 3 with 15x less dependencies.
npm WARN deprecated tough-cookie@0.12.1: ReDoS vulnerability parsing Set-Cookie https://nodesecurity.io/advisories/130
npm WARN deprecated request@2.88.2: request has been deprecated, see https://github.com/request/request/issues/3142
npm WARN deprecated fsevents@1.2.13: fsevents 1 will break on node v14+ and could be using insecure binaries. Upgrade to fsevents 2.
npm WARN deprecated eslint-loader@3.0.4: This loader has been deprecated. Please use eslint-webpack-plugin
npm ERR! code 1
npm ERR! git dep preparation failed
npm ERR! command /usr/local/Cellar/node/15.2.0/bin/node /usr/local/lib/node_modules/npm/bin/npm-cli.js install --cache=/Users/k0g0587/.npm/_cacache --prefer-offline=false --prefer-online=false --offline=false --no-progress --no-save --no-audit
npm ERR! &gt; sql-formatter@2.3.3 prepublish
npm ERR! &gt; npm run clean &amp;&amp; npm run check &amp;&amp; npm run build
npm ERR!
npm ERR!
npm ERR! &gt; sql-formatter@2.3.3 clean
npm ERR! &gt; rimraf lib dist
npm ERR!
npm ERR!
npm ERR! &gt; sql-formatter@2.3.3 check
npm ERR! &gt; npm run lint &amp;&amp; npm run test
npm ERR!
npm ERR!
npm ERR! &gt; sql-formatter@2.3.3 lint
npm ERR! &gt; eslint .
npm ERR!
npm ERR!
npm ERR! /Users/k0g0587/.npm/_cacache/tmp/git-clone-f4e329c0/src/core/Tokenizer.js
npm ERR!   78:23  error  Unnecessary escape character: \{  no-useless-escape
npm ERR!   78:25  error  Unnecessary escape character: \{  no-useless-escape
npm ERR!   78:32  error  Unnecessary escape character: \}  no-useless-escape
npm ERR!   78:34  error  Unnecessary escape character: \}  no-useless-escape
npm ERR!
npm ERR! ✖ 4 problems (4 errors, 0 warnings)
npm ERR! (node:27191) Warning: Accessing non-existent property 'cat' of module exports inside circular dependency
npm ERR! (Use `node --trace-warnings ...` to show where the warning was created)
npm ERR! (node:27191) Warning: Accessing non-existent property 'cd' of module exports inside circular dependency
npm ERR! (node:27191) Warning: Accessing non-existent property 'chmod' of module exports inside circular dependency
npm ERR! (node:27191) Warning: Accessing non-existent property 'cp' of module exports inside circular dependency
npm ERR! (node:27191) Warning: Accessing non-existent property 'dirs' of module exports inside circular dependency
npm ERR! (node:27191) Warning: Accessing non-existent property 'pushd' of module exports inside circular dependency
npm ERR! (node:27191) Warning: Accessing non-existent property 'popd' of module exports inside circular dependency
npm ERR! (node:27191) Warning: Accessing non-existent property 'echo' of module exports inside circular dependency
npm ERR! (node:27191) Warning: Accessing non-existent property 'tempdir' of module exports inside circular dependency
npm ERR! (node:27191) Warning: Accessing non-existent property 'pwd' of module exports inside circular dependency
npm ERR! (node:27191) Warning: Accessing non-existent property 'exec' of module exports inside circular dependency
npm ERR! (node:27191) Warning: Accessing non-existent property 'ls' of module exports inside circular dependency
npm ERR! (node:27191) Warning: Accessing non-existent property 'find' of module exports inside circular dependency
npm ERR! (node:27191) Warning: Accessing non-existent property 'grep' of module exports inside circular dependency
npm ERR! (node:27191) Warning: Accessing non-existent property 'head' of module exports inside circular dependency
npm ERR! (node:27191) Warning: Accessing non-existent property 'ln' of module exports inside circular dependency
npm ERR! (node:27191) Warning: Accessing non-existent property 'mkdir' of module exports inside circular dependency
npm ERR! (node:27191) Warning: Accessing non-existent property 'rm' of module exports inside circular dependency
npm ERR! (node:27191) Warning: Accessing non-existent property 'mv' of module exports inside circular dependency
npm ERR! (node:27191) Warning: Accessing non-existent property 'sed' of module exports inside circular dependency
npm ERR! (node:27191) Warning: Accessing non-existent property 'set' of module exports inside circular dependency
npm ERR! (node:27191) Warning: Accessing non-existent property 'sort' of module exports inside circular dependency
npm ERR! (node:27191) Warning: Accessing non-existent property 'tail' of module exports inside circular dependency
npm ERR! (node:27191) Warning: Accessing non-existent property 'test' of module exports inside circular dependency
npm ERR! (node:27191) Warning: Accessing non-existent property 'to' of module exports inside circular dependency
npm ERR! (node:27191) Warning: Accessing non-existent property 'toEnd' of module exports inside circular dependency
npm ERR! (node:27191) Warning: Accessing non-existent property 'touch' of module exports inside circular dependency
npm ERR! (node:27191) Warning: Accessing non-existent property 'uniq' of module exports inside circular dependency
npm ERR! (node:27191) Warning: Accessing non-existent property 'which' of module exports inside circular dependency
npm ERR! npm ERR! code 1
npm ERR! npm ERR! path /Users/k0g0587/.npm/_cacache/tmp/git-clone-f4e329c0
npm ERR! npm ERR! command failed
npm ERR! npm ERR! command sh -c eslint .
npm ERR!
npm ERR! npm ERR! A complete log of this run can be found in:
npm ERR! npm ERR!     /Users/k0g0587/.npm/_cacache/_logs/2020-11-14T09_37_00_411Z-debug.log
npm ERR! npm ERR! code 1
npm ERR! npm ERR! path /Users/k0g0587/.npm/_cacache/tmp/git-clone-f4e329c0
npm ERR! npm ERR! command failed
npm ERR! npm ERR! command sh -c npm run lint &amp;&amp; npm run test
npm ERR!
npm ERR! npm ERR! A complete log of this run can be found in:
npm ERR! npm ERR!     /Users/k0g0587/.npm/_cacache/_logs/2020-11-14T09_37_00_455Z-debug.log
npm ERR! npm ERR! code 1
npm ERR! npm ERR! path /Users/k0g0587/.npm/_cacache/tmp/git-clone-f4e329c0
npm ERR! npm ERR! command failed
npm ERR! npm ERR! command sh -c npm run clean &amp;&amp; npm run check &amp;&amp; npm run build
npm ERR!
npm ERR! npm ERR! A complete log of this run can be found in:
npm ERR! npm ERR!     /Users/k0g0587/.npm/_cacache/_logs/2020-11-14T09_37_00_511Z-debug.log

npm ERR! A complete log of this run can be found in:```


### Technical details:

* Redash Version: latest git repo master
* Browser/OS: mac
* How did you install Redash: manual install</code></pre>
          <p><a href="https://discuss.redash.io/t/npm-install-is-failing-while-running-redash-macosx/7562/1">Read full topic</a></p>
        ]]></description>
        <link>https://discuss.redash.io/t/npm-install-is-failing-while-running-redash-macosx/7562/1</link>
        <pubDate>Sat, 14 Nov 2020 09:58:25 +0000</pubDate>
        <guid isPermaLink="false">discuss.redash.io-post-7562-1</guid>
        <source url="https://discuss.redash.io/t/npm-install-is-failing-while-running-redash-macosx/7562.rss">Npm install is failing while running redash [macOSX]</source>
      </item>
  </channel>
</rss>
