<!DOCTYPE html>
<html lang="en">
  <head>
    <meta charset="utf-8">
    <title>Has anyone updated redash on k8 from b8 to v10? - Self Hosted Redash Support - Redash Discourse</title>
    <meta name="description" content="Issue Summary
I am trying to upgrade my redash setup on k8 from v8 to v10. I am using external redis and postgre. After the upgrade, two pods give me an error which is stated below. Would appreciate any help that I can &amp;hellip;">
    <meta name="generator" content="Discourse 3.2.0.beta2-dev - https://github.com/discourse/discourse version 83621ccbe797223b48b624b00ef04f24672e1f03">
<link rel="icon" type="image/png" href="https://global.discourse-cdn.com/standard17/uploads/redash1/optimized/1X/01e20869afc0877e3e5aee0f94419b9e9bffa961_2_32x32.ico">
<link rel="apple-touch-icon" type="image/png" href="https://global.discourse-cdn.com/standard17/uploads/redash1/optimized/1X/e1838a8a0c506503a22e0c60e2334374b2895c87_2_180x180.png">
<meta name="theme-color" media="all" content="#ffffff">

<meta name="viewport" content="width=device-width, initial-scale=1.0, minimum-scale=1.0, user-scalable=yes, viewport-fit=cover">
<link rel="canonical" href="https://discuss.redash.io/t/has-anyone-updated-redash-on-k8-from-b8-to-v10/10276" />

<link rel="search" type="application/opensearchdescription+xml" href="https://discuss.redash.io/opensearch.xml" title="Redash Discourse Search">

    <link href="https://sjc6.discourse-cdn.com/standard17/stylesheets/color_definitions_base__2_8fd59ae1f286f43b3ff17996df07ea951685249d.css?__ws=discuss.redash.io" media="all" rel="stylesheet" class="light-scheme"/>

  <link href="https://sjc6.discourse-cdn.com/standard17/stylesheets/desktop_d86c892d7cd5311243d31a8f11787f4b0342874d.css?__ws=discuss.redash.io" media="all" rel="stylesheet" data-target="desktop"  />



  <link href="https://sjc6.discourse-cdn.com/standard17/stylesheets/checklist_d86c892d7cd5311243d31a8f11787f4b0342874d.css?__ws=discuss.redash.io" media="all" rel="stylesheet" data-target="checklist"  />
  <link href="https://sjc6.discourse-cdn.com/standard17/stylesheets/discourse-adplugin_d86c892d7cd5311243d31a8f11787f4b0342874d.css?__ws=discuss.redash.io" media="all" rel="stylesheet" data-target="discourse-adplugin"  />
  <link href="https://sjc6.discourse-cdn.com/standard17/stylesheets/discourse-akismet_d86c892d7cd5311243d31a8f11787f4b0342874d.css?__ws=discuss.redash.io" media="all" rel="stylesheet" data-target="discourse-akismet"  />
  <link href="https://sjc6.discourse-cdn.com/standard17/stylesheets/discourse-cakeday_d86c892d7cd5311243d31a8f11787f4b0342874d.css?__ws=discuss.redash.io" media="all" rel="stylesheet" data-target="discourse-cakeday"  />
  <link href="https://sjc6.discourse-cdn.com/standard17/stylesheets/discourse-chat-integration_d86c892d7cd5311243d31a8f11787f4b0342874d.css?__ws=discuss.redash.io" media="all" rel="stylesheet" data-target="discourse-chat-integration"  />
  <link href="https://sjc6.discourse-cdn.com/standard17/stylesheets/discourse-details_d86c892d7cd5311243d31a8f11787f4b0342874d.css?__ws=discuss.redash.io" media="all" rel="stylesheet" data-target="discourse-details"  />
  <link href="https://sjc6.discourse-cdn.com/standard17/stylesheets/discourse-footnote_d86c892d7cd5311243d31a8f11787f4b0342874d.css?__ws=discuss.redash.io" media="all" rel="stylesheet" data-target="discourse-footnote"  />
  <link href="https://sjc6.discourse-cdn.com/standard17/stylesheets/discourse-lazy-videos_d86c892d7cd5311243d31a8f11787f4b0342874d.css?__ws=discuss.redash.io" media="all" rel="stylesheet" data-target="discourse-lazy-videos"  />
  <link href="https://sjc6.discourse-cdn.com/standard17/stylesheets/discourse-local-dates_d86c892d7cd5311243d31a8f11787f4b0342874d.css?__ws=discuss.redash.io" media="all" rel="stylesheet" data-target="discourse-local-dates"  />
  <link href="https://sjc6.discourse-cdn.com/standard17/stylesheets/discourse-narrative-bot_d86c892d7cd5311243d31a8f11787f4b0342874d.css?__ws=discuss.redash.io" media="all" rel="stylesheet" data-target="discourse-narrative-bot"  />
  <link href="https://sjc6.discourse-cdn.com/standard17/stylesheets/discourse-presence_d86c892d7cd5311243d31a8f11787f4b0342874d.css?__ws=discuss.redash.io" media="all" rel="stylesheet" data-target="discourse-presence"  />
  <link href="https://sjc6.discourse-cdn.com/standard17/stylesheets/discourse-solved_d86c892d7cd5311243d31a8f11787f4b0342874d.css?__ws=discuss.redash.io" media="all" rel="stylesheet" data-target="discourse-solved"  />
  <link href="https://sjc6.discourse-cdn.com/standard17/stylesheets/discourse-spoiler-alert_d86c892d7cd5311243d31a8f11787f4b0342874d.css?__ws=discuss.redash.io" media="all" rel="stylesheet" data-target="discourse-spoiler-alert"  />
  <link href="https://sjc6.discourse-cdn.com/standard17/stylesheets/hosted-site_d86c892d7cd5311243d31a8f11787f4b0342874d.css?__ws=discuss.redash.io" media="all" rel="stylesheet" data-target="hosted-site"  />
  <link href="https://sjc6.discourse-cdn.com/standard17/stylesheets/poll_d86c892d7cd5311243d31a8f11787f4b0342874d.css?__ws=discuss.redash.io" media="all" rel="stylesheet" data-target="poll"  />
  <link href="https://sjc6.discourse-cdn.com/standard17/stylesheets/poll_desktop_d86c892d7cd5311243d31a8f11787f4b0342874d.css?__ws=discuss.redash.io" media="all" rel="stylesheet" data-target="poll_desktop"  />

  <link href="https://sjc6.discourse-cdn.com/standard17/stylesheets/desktop_theme_2_be4cb2b86ec06123c5e974acd20fd933d14b129d.css?__ws=discuss.redash.io" media="all" rel="stylesheet" data-target="desktop_theme" data-theme-id="2" data-theme-name="default"/>

    
    <meta id="data-ga-universal-analytics" data-tracking-code="UA-47088186-6" data-json="{&quot;cookieDomain&quot;:&quot;auto&quot;}" data-auto-link-domains="">

  <link rel="preload" href="https://global.discourse-cdn.com/standard17/assets/google-universal-analytics-v3-08add7ec997ab472fcd9f821d32ff7caf4b8b9a5de2ec18ca723a040be07a098.gz.js" as="script">
<script defer src="https://global.discourse-cdn.com/standard17/assets/google-universal-analytics-v3-08add7ec997ab472fcd9f821d32ff7caf4b8b9a5de2ec18ca723a040be07a098.gz.js"></script>


        <link rel="alternate nofollow" type="application/rss+xml" title="RSS feed of &#39;Has anyone updated redash on k8 from b8 to v10?&#39;" href="https://discuss.redash.io/t/has-anyone-updated-redash-on-k8-from-b8-to-v10/10276.rss" />
    <meta property="og:site_name" content="Redash Discourse" />
<meta property="og:type" content="website" />
<meta name="twitter:card" content="summary" />
<meta name="twitter:image" content="https://global.discourse-cdn.com/standard17/uploads/redash1/original/1X/e1838a8a0c506503a22e0c60e2334374b2895c87.png" />
<meta property="og:image" content="https://global.discourse-cdn.com/standard17/uploads/redash1/original/1X/e1838a8a0c506503a22e0c60e2334374b2895c87.png" />
<meta property="og:url" content="https://discuss.redash.io/t/has-anyone-updated-redash-on-k8-from-b8-to-v10/10276" />
<meta name="twitter:url" content="https://discuss.redash.io/t/has-anyone-updated-redash-on-k8-from-b8-to-v10/10276" />
<meta property="og:title" content="Has anyone updated redash on k8 from b8 to v10?" />
<meta name="twitter:title" content="Has anyone updated redash on k8 from b8 to v10?" />
<meta property="og:description" content="Issue Summary I am trying to upgrade my redash setup on k8 from v8 to v10. I am using external redis and postgre. After the upgrade, two pods give me an error which is stated below. Would appreciate any help that I can get.  We are using k8 based deployments on this repo - GitHub - getredash/contrib-helm-chart: Community maintained Redash Helm Chart  Some extra details: In the VM based docker composer, I have run the below command to upgrade db’s. Is this issue happening due to that? What is th..." />
<meta name="twitter:description" content="Issue Summary I am trying to upgrade my redash setup on k8 from v8 to v10. I am using external redis and postgre. After the upgrade, two pods give me an error which is stated below. Would appreciate any help that I can get.  We are using k8 based deployments on this repo - GitHub - getredash/contrib-helm-chart: Community maintained Redash Helm Chart  Some extra details: In the VM based docker composer, I have run the below command to upgrade db’s. Is this issue happening due to that? What is th..." />
<meta property="og:article:section" content="Support" />
<meta property="og:article:section:color" content="BF1E2E" />
<meta property="og:article:section" content="Self Hosted Redash Support" />
<meta property="og:article:section:color" content="AB9364" />
<meta property="og:article:tag" content="kubernetes" />
<meta name="twitter:label1" value="Reading time" />
<meta name="twitter:data1" value="1 mins 🕑" />
<meta name="twitter:label2" value="Likes" />
<meta name="twitter:data2" value="1 ❤" />
<meta property="article:published_time" content="2022-04-08T05:46:49+00:00" />
<meta property="og:ignore_canonical" content="true" />


    <script type="application/ld+json">{"@context":"http://schema.org","@type":"QAPage","name":"Has anyone updated redash on k8 from b8 to v10?","mainEntity":{"@type":"Question","name":"Has anyone updated redash on k8 from b8 to v10?","text":"<a name=\"issue-summary-1\" class=\"anchor\" href=\"#issue-summary-1\"><\/a>Issue Summary\n\nI am trying to upgrade my redash setup on k8 from v8 to v10. I am using external redis and postgre. After the upgrade, two pods give me an error which is stated below. Would appreciate any help that I can get.\n\nWe are using k8 based deployments on this repo - <a href=\"https://github.com/getredash/contrib-helm-chart\" class=\"inline-onebox\" rel=\"noopener nofollow ugc\">GitHub - getredash/contri&hellip;<\/a>","upvoteCount":0,"answerCount":0,"dateCreated":"2022-04-08T05:46:49.744Z","author":{"@type":"Person","name":"auser"}}}</script>
  </head>
  <body class="crawler ">
    
    <header>
  <a href="/">
    Redash Discourse
  </a>
</header>

    <div id="main-outlet" class="wrap" role="main">
        <div id="topic-title">
    <h1>
      <a href="/t/has-anyone-updated-redash-on-k8-from-b8-to-v10/10276">Has anyone updated redash on k8 from b8 to v10?</a>
    </h1>

      <div class="topic-category" itemscope itemtype="http://schema.org/BreadcrumbList">
          <span itemprop="itemListElement" itemscope itemtype="http://schema.org/ListItem">
            <a href="https://discuss.redash.io/c/support/6" class="badge-wrapper bullet" itemprop="item">
              <span class='badge-category-bg' style='background-color: #BF1E2E'></span>
              <span class='badge-category clear-badge'>
                <span class='category-name' itemprop='name'>Support</span>
              </span>
            </a>
            <meta itemprop="position" content="1" />
          </span>
          <span itemprop="itemListElement" itemscope itemtype="http://schema.org/ListItem">
            <a href="https://discuss.redash.io/c/support/support-self-hosted/9" class="badge-wrapper bullet" itemprop="item">
              <span class='badge-category-bg' style='background-color: #AB9364'></span>
              <span class='badge-category clear-badge'>
                <span class='category-name' itemprop='name'>Self Hosted Redash Support</span>
              </span>
            </a>
            <meta itemprop="position" content="2" />
          </span>
      </div>

      <div class="topic-category">
        <div class='discourse-tags list-tags'>
            <a href='https://discuss.redash.io/tag/kubernetes' class='discourse-tag' rel="tag">kubernetes</a>
        </div>
      </div>
  </div>

  

    <div itemscope itemtype='http://schema.org/DiscussionForumPosting'>
      <meta itemprop='headline' content='Has anyone updated redash on k8 from b8 to v10?'>
        <meta itemprop='articleSection' content='Self Hosted Redash Support'>
      <meta itemprop='keywords' content='kubernetes'>
      <div itemprop='publisher' itemscope itemtype="http://schema.org/Organization">
        <meta itemprop='name' content='Redash Discourse'>
          <div itemprop='logo' itemscope itemtype="http://schema.org/ImageObject">
            <meta itemprop='url' content='https://global.discourse-cdn.com/standard17/uploads/redash1/original/1X/c07bc573841e1e4a0013ea3b6fe088a1534228a3.png'>
          </div>
      </div>

          <div id='post_1'  class='topic-body crawler-post'>
            <div class='crawler-post-meta'>
              <span class="creator" itemprop="author" itemscope itemtype="http://schema.org/Person">
                <a itemprop="url" href='https://discuss.redash.io/u/redash-hell'><span itemprop='name'>redash-hell</span></a>
                
              </span>

              <link itemprop="mainEntityOfPage" href="https://discuss.redash.io/t/has-anyone-updated-redash-on-k8-from-b8-to-v10/10276">


              <span class="crawler-post-infos">
                  <time itemprop='datePublished' datetime='2022-04-08T05:46:49Z' class='post-time'>
                    April 8, 2022,  5:46am
                  </time>
                  <meta itemprop='dateModified' content='2022-04-11T13:27:50Z'>
              <span itemprop='position'>1</span>
              </span>
            </div>
            <div class='post' itemprop='articleBody'>
              <h3>
<a name="issue-summary-1" class="anchor" href="#issue-summary-1"></a>Issue Summary</h3>
<p>I am trying to upgrade my redash setup on k8 from v8 to v10. I am using external redis and postgre. After the upgrade, two pods give me an error which is stated below. Would appreciate any help that I can get.</p>
<p>We are using k8 based deployments on this repo - <a href="https://github.com/getredash/contrib-helm-chart" class="inline-onebox" rel="noopener nofollow ugc">GitHub - getredash/contrib-helm-chart: Community maintained Redash Helm Chart</a></p>
<p>Some extra details: In the VM based docker composer, I have run the below command to upgrade db’s. Is this issue happening due to that? What is the equivalent command to run in k8 setup to upgrade it?</p>
<pre><code class="lang-auto">docker-compose run --rm server manage db upgrade
</code></pre>
<p>redash-bigquery-tools-scheduledworker - Crashes</p>
<p>logs - Starting RQ scheduler…<br>
[2022-04-08 05:39:55,024][PID:7][INFO][rq_scheduler.scheduler] Registering birth<br>
Traceback (most recent call last):<br>
File “/app/manage.py”, line 9, in <br>
manager()<br>
File “/usr/local/lib/python3.7/site-packages/click/core.py”, line 722, in <strong>call</strong><br>
return self.main(*args, **kwargs)<br>
File “/usr/local/lib/python3.7/site-packages/flask/cli.py”, line 586, in main<br>
return super(FlaskGroup, self).main(*args, **kwargs)<br>
File “/usr/local/lib/python3.7/site-packages/click/core.py”, line 697, in main<br>
rv = self.invoke(ctx)<br>
File “/usr/local/lib/python3.7/site-packages/click/core.py”, line 1066, in invoke<br>
return _process_result(sub_ctx.command.invoke(sub_ctx))<br>
File “/usr/local/lib/python3.7/site-packages/click/core.py”, line 1066, in invoke<br>
return _process_result(sub_ctx.command.invoke(sub_ctx))<br>
File “/usr/local/lib/python3.7/site-packages/click/core.py”, line 895, in invoke<br>
return ctx.invoke(self.callback, **ctx.params)<br>
File “/usr/local/lib/python3.7/site-packages/click/core.py”,</p>
<p>redash-bigquery-tools-upgrade-c29mj    - Gets stuck in error state.</p>
<p>Logs -</p>
<p>Status: Traceback (most recent call last):<br>
File “/usr/local/lib/python3.7/site-packages/sqlalchemy/engine/base.py”, line 1249, in _execute_context<br>
cursor, statement, parameters, context<br>
File “/usr/local/lib/python3.7/site-packages/sqlalchemy/engine/default.py”, line 580, in do_execute<br>
cursor.execute(statement, parameters)<br>
psycopg2.errors.UndefinedColumn: column dashboards.options does not exist<br>
LINE 2: …rds_is_draft, dashboards.tags AS dashboards_tags, dashboards…<br>
^</p>
<p>The above exception was the direct cause of the following exception:</p>
<p>Traceback (most recent call last):<br>
File “/app/manage.py”, line 9, in <br>
manager()<br>
File “/usr/local/lib/python3.7/site-packages/click/core.py”, line 722, in <strong>call</strong><br>
return self.main(*args, **kwargs)</p>
<h3>
<a name="technical-details-2" class="anchor" href="#technical-details-2"></a>Technical details:</h3>
<ul>
<li>Redash Version: v8 - v10</li>
<li>Browser/OS:</li>
<li>How did you install Redash: Through helm</li>
</ul>
            </div>

            <div itemprop="interactionStatistic" itemscope itemtype="http://schema.org/InteractionCounter">
              <meta itemprop="interactionType" content="http://schema.org/LikeAction"/>
              <meta itemprop="userInteractionCount" content="0" />
              <span class='post-likes'></span>
            </div>

            <div itemprop="interactionStatistic" itemscope itemtype="http://schema.org/InteractionCounter">
                <meta itemprop="interactionType" content="http://schema.org/CommentAction"/>
                <meta itemprop="userInteractionCount" content="1" />
              </div>

          </div>
          <div id='post_2' itemprop='comment' itemscope itemtype='http://schema.org/Comment' class='topic-body crawler-post'>
            <div class='crawler-post-meta'>
              <span class="creator" itemprop="author" itemscope itemtype="http://schema.org/Person">
                <a itemprop="url" href='https://discuss.redash.io/u/redash-user'><span itemprop='name'>redash-user</span></a>
                
              </span>

              <link itemprop="mainEntityOfPage" href="https://discuss.redash.io/t/has-anyone-updated-redash-on-k8-from-b8-to-v10/10276">


              <span class="crawler-post-infos">
                  <time itemprop='datePublished' datetime='2022-05-11T04:37:10Z' class='post-time'>
                    May 11, 2022,  4:37am
                  </time>
                  <meta itemprop='dateModified' content='2022-05-11T04:37:10Z'>
              <span itemprop='position'>2</span>
              </span>
            </div>
            <div class='post' itemprop='text'>
              <p><a class="mention" href="/u/jesse">@jesse</a> please help/someone from team . We couldn’t migrate the setup in Kubernetes for new version of Redash</p>
            </div>

            <div itemprop="interactionStatistic" itemscope itemtype="http://schema.org/InteractionCounter">
              <meta itemprop="interactionType" content="http://schema.org/LikeAction"/>
              <meta itemprop="userInteractionCount" content="0" />
              <span class='post-likes'></span>
            </div>

            <div itemprop="interactionStatistic" itemscope itemtype="http://schema.org/InteractionCounter">
                <meta itemprop="interactionType" content="http://schema.org/CommentAction"/>
                <meta itemprop="userInteractionCount" content="1" />
              </div>

          </div>
          <div id='post_3' itemprop='comment' itemscope itemtype='http://schema.org/Comment' class='topic-body crawler-post'>
            <div class='crawler-post-meta'>
              <span class="creator" itemprop="author" itemscope itemtype="http://schema.org/Person">
                <a itemprop="url" href='https://discuss.redash.io/u/jesse'><span itemprop='name'>jesse</span></a>
                
              </span>

              <link itemprop="mainEntityOfPage" href="https://discuss.redash.io/t/has-anyone-updated-redash-on-k8-from-b8-to-v10/10276">


              <span class="crawler-post-infos">
                  <time itemprop='datePublished' datetime='2022-05-12T15:48:09Z' class='post-time'>
                    May 12, 2022,  3:48pm
                  </time>
                  <meta itemprop='dateModified' content='2022-05-12T15:48:09Z'>
              <span itemprop='position'>3</span>
              </span>
            </div>
            <div class='post' itemprop='text'>
              <p>Hey there, the k8s helm distribution is not maintained by the core team. We hope to have better documentation around this at some point but at present none of us have worked with Redash on k8s <img src="https://emoji.discourse-cdn.com/twitter/frowning.png?v=12" title=":frowning:" class="emoji" alt=":frowning:" loading="lazy" width="20" height="20"></p>
            </div>

            <div itemprop="interactionStatistic" itemscope itemtype="http://schema.org/InteractionCounter">
              <meta itemprop="interactionType" content="http://schema.org/LikeAction"/>
              <meta itemprop="userInteractionCount" content="0" />
              <span class='post-likes'></span>
            </div>

            <div itemprop="interactionStatistic" itemscope itemtype="http://schema.org/InteractionCounter">
                <meta itemprop="interactionType" content="http://schema.org/CommentAction"/>
                <meta itemprop="userInteractionCount" content="0" />
              </div>

          </div>
          <div id='post_4' itemprop='comment' itemscope itemtype='http://schema.org/Comment' class='topic-body crawler-post'>
            <div class='crawler-post-meta'>
              <span class="creator" itemprop="author" itemscope itemtype="http://schema.org/Person">
                <a itemprop="url" href='https://discuss.redash.io/u/xavier-d'><span itemprop='name'>xavier-d</span></a>
                
              </span>

              <link itemprop="mainEntityOfPage" href="https://discuss.redash.io/t/has-anyone-updated-redash-on-k8-from-b8-to-v10/10276">


              <span class="crawler-post-infos">
                  <time itemprop='datePublished' datetime='2022-05-16T09:03:57Z' class='post-time'>
                    May 16, 2022,  9:03am
                  </time>
                  <meta itemprop='dateModified' content='2022-05-16T09:03:57Z'>
              <span itemprop='position'>4</span>
              </span>
            </div>
            <div class='post' itemprop='text'>
              <p>I’ve done this migration on K8S few months ago<br>
At that time, I had to cherry pick this commit: <a href="https://github.com/getredash/contrib-helm-chart/pull/36" class="inline-onebox" rel="noopener nofollow ugc">WIP: Changes required for redash v9 by jimsparkman · Pull Request #36 · getredash/contrib-helm-chart · GitHub</a></p>
<p>It has been merged on a fork.</p>
            </div>

            <div itemprop="interactionStatistic" itemscope itemtype="http://schema.org/InteractionCounter">
              <meta itemprop="interactionType" content="http://schema.org/LikeAction"/>
              <meta itemprop="userInteractionCount" content="1" />
              <span class='post-likes'>1 Like</span>
            </div>

            <div itemprop="interactionStatistic" itemscope itemtype="http://schema.org/InteractionCounter">
                <meta itemprop="interactionType" content="http://schema.org/CommentAction"/>
                <meta itemprop="userInteractionCount" content="0" />
              </div>

          </div>
    </div>






    </div>
    <footer class="container wrap">
  <nav class='crawler-nav'>
    <ul>
      <li itemscope itemtype='http://schema.org/SiteNavigationElement'>
        <span itemprop='name'>
          <a href='/' itemprop="url">Home </a>
        </span>
      </li>
      <li itemscope itemtype='http://schema.org/SiteNavigationElement'>
        <span itemprop='name'>
          <a href='/categories' itemprop="url">Categories </a>
        </span>
      </li>
      <li itemscope itemtype='http://schema.org/SiteNavigationElement'>
        <span itemprop='name'>
          <a href='/guidelines' itemprop="url">FAQ/Guidelines </a>
        </span>
      </li>
        <li itemscope itemtype='http://schema.org/SiteNavigationElement'>
          <span itemprop='name'>
            <a href='http://redash.io/terms.html' itemprop="url">Terms of Service </a>
          </span>
        </li>
        <li itemscope itemtype='http://schema.org/SiteNavigationElement'>
          <span itemprop='name'>
            <a href='http://redash.io/privacy.html' itemprop="url">Privacy Policy </a>
          </span>
        </li>
    </ul>
  </nav>
  <p class='powered-by-link'>Powered by <a href="https://www.discourse.org">Discourse</a>, best viewed with JavaScript enabled</p>
</footer>

    
    
  </body>
  
</html>
